<?xml version="1.0" encoding="UTF-8"?>
<testsuite xmlns:xsi="http://www.w3.org/2001/XMLSchema-instance" xsi:noNamespaceSchemaLocation="https://maven.apache.org/surefire/maven-surefire-plugin/xsd/surefire-test-report.xsd" version="3.0.2" name="com.example.ExampleResourceTest" time="91.548" tests="1" errors="0" skipped="0" failures="1">
  <properties>
    <property name="java.specification.version" value="21"/>
    <property name="sun.cpu.isalist" value="amd64"/>
    <property name="test.url" value="http://localhost:8081"/>
    <property name="sun.jnu.encoding" value="Cp1252"/>
    <property name="io.quarkus.security.http.test-if-basic-auth-implicitly-required" value="true"/>
    <property name="java.class.path" value="C:\Users\toumi\OneDrive\Bureau\api_users\target\test-classes;C:\Users\toumi\OneDrive\Bureau\api_users\target\classes;C:\Users\toumi\.m2\repository\io\quarkus\quarkus-arc\3.12.0\quarkus-arc-3.12.0.jar;C:\Users\toumi\.m2\repository\io\quarkus\arc\arc\3.12.0\arc-3.12.0.jar;C:\Users\toumi\.m2\repository\jakarta\enterprise\jakarta.enterprise.cdi-api\4.1.0\jakarta.enterprise.cdi-api-4.1.0.jar;C:\Users\toumi\.m2\repository\jakarta\enterprise\jakarta.enterprise.lang-model\4.1.0\jakarta.enterprise.lang-model-4.1.0.jar;C:\Users\toumi\.m2\repository\jakarta\el\jakarta.el-api\5.0.1\jakarta.el-api-5.0.1.jar;C:\Users\toumi\.m2\repository\io\smallrye\reactive\mutiny\2.6.0\mutiny-2.6.0.jar;C:\Users\toumi\.m2\repository\io\smallrye\common\smallrye-common-annotation\2.3.0\smallrye-common-annotation-2.3.0.jar;C:\Users\toumi\.m2\repository\org\jctools\jctools-core\4.0.3\jctools-core-4.0.3.jar;C:\Users\toumi\.m2\repository\org\jboss\logging\jboss-logging\3.6.0.Final\jboss-logging-3.6.0.Final.jar;C:\Users\toumi\.m2\repository\io\quarkus\quarkus-core\3.12.0\quarkus-core-3.12.0.jar;C:\Users\toumi\.m2\repository\jakarta\inject\jakarta.inject-api\2.0.1\jakarta.inject-api-2.0.1.jar;C:\Users\toumi\.m2\repository\io\smallrye\common\smallrye-common-os\2.3.0\smallrye-common-os-2.3.0.jar;C:\Users\toumi\.m2\repository\io\quarkus\quarkus-ide-launcher\3.12.0\quarkus-ide-launcher-3.12.0.jar;C:\Users\toumi\.m2\repository\io\quarkus\quarkus-development-mode-spi\3.12.0\quarkus-development-mode-spi-3.12.0.jar;C:\Users\toumi\.m2\repository\io\smallrye\config\smallrye-config\3.8.2\smallrye-config-3.8.2.jar;C:\Users\toumi\.m2\repository\io\smallrye\config\smallrye-config-core\3.8.2\smallrye-config-core-3.8.2.jar;C:\Users\toumi\.m2\repository\io\smallrye\common\smallrye-common-classloader\2.3.0\smallrye-common-classloader-2.3.0.jar;C:\Users\toumi\.m2\repository\io\smallrye\config\smallrye-config-common\3.8.2\smallrye-config-common-3.8.2.jar;C:\Users\toumi\.m2\repository\org\jboss\logmanager\jboss-logmanager\3.0.6.Final\jboss-logmanager-3.0.6.Final.jar;C:\Users\toumi\.m2\repository\io\smallrye\common\smallrye-common-constraint\2.3.0\smallrye-common-constraint-2.3.0.jar;C:\Users\toumi\.m2\repository\io\smallrye\common\smallrye-common-cpu\2.3.0\smallrye-common-cpu-2.3.0.jar;C:\Users\toumi\.m2\repository\io\smallrye\common\smallrye-common-expression\2.3.0\smallrye-common-expression-2.3.0.jar;C:\Users\toumi\.m2\repository\io\smallrye\common\smallrye-common-function\2.3.0\smallrye-common-function-2.3.0.jar;C:\Users\toumi\.m2\repository\io\smallrye\common\smallrye-common-net\2.3.0\smallrye-common-net-2.3.0.jar;C:\Users\toumi\.m2\repository\io\smallrye\common\smallrye-common-ref\2.3.0\smallrye-common-ref-2.3.0.jar;C:\Users\toumi\.m2\repository\jakarta\json\jakarta.json-api\2.1.3\jakarta.json-api-2.1.3.jar;C:\Users\toumi\.m2\repository\org\jboss\logging\jboss-logging-annotations\2.2.1.Final\jboss-logging-annotations-2.2.1.Final.jar;C:\Users\toumi\.m2\repository\org\jboss\threads\jboss-threads\3.6.1.Final\jboss-threads-3.6.1.Final.jar;C:\Users\toumi\.m2\repository\org\slf4j\slf4j-api\2.0.6\slf4j-api-2.0.6.jar;C:\Users\toumi\.m2\repository\org\jboss\slf4j\slf4j-jboss-logmanager\2.0.0.Final\slf4j-jboss-logmanager-2.0.0.Final.jar;C:\Users\toumi\.m2\repository\org\wildfly\common\wildfly-common\1.7.0.Final\wildfly-common-1.7.0.Final.jar;C:\Users\toumi\.m2\repository\io\quarkus\quarkus-bootstrap-runner\3.12.0\quarkus-bootstrap-runner-3.12.0.jar;C:\Users\toumi\.m2\repository\io\quarkus\quarkus-fs-util\0.0.10\quarkus-fs-util-0.0.10.jar;C:\Users\toumi\.m2\repository\org\eclipse\microprofile\context-propagation\microprofile-context-propagation-api\1.3\microprofile-context-propagation-api-1.3.jar;C:\Users\toumi\.m2\repository\io\quarkus\quarkus-rest\3.12.0\quarkus-rest-3.12.0.jar;C:\Users\toumi\.m2\repository\io\quarkus\quarkus-rest-common\3.12.0\quarkus-rest-common-3.12.0.jar;C:\Users\toumi\.m2\repository\io\quarkus\resteasy\reactive\resteasy-reactive-common\3.12.0\resteasy-reactive-common-3.12.0.jar;C:\Users\toumi\.m2\repository\io\quarkus\resteasy\reactive\resteasy-reactive-common-types\3.12.0\resteasy-reactive-common-types-3.12.0.jar;C:\Users\toumi\.m2\repository\org\reactivestreams\reactive-streams\1.0.4\reactive-streams-1.0.4.jar;C:\Users\toumi\.m2\repository\io\quarkus\quarkus-mutiny\3.12.0\quarkus-mutiny-3.12.0.jar;C:\Users\toumi\.m2\repository\io\quarkus\quarkus-smallrye-context-propagation\3.12.0\quarkus-smallrye-context-propagation-3.12.0.jar;C:\Users\toumi\.m2\repository\io\smallrye\smallrye-context-propagation\2.1.2\smallrye-context-propagation-2.1.2.jar;C:\Users\toumi\.m2\repository\io\smallrye\smallrye-context-propagation-api\2.1.2\smallrye-context-propagation-api-2.1.2.jar;C:\Users\toumi\.m2\repository\io\smallrye\smallrye-context-propagation-storage\2.1.2\smallrye-context-propagation-storage-2.1.2.jar;C:\Users\toumi\.m2\repository\io\smallrye\reactive\mutiny-smallrye-context-propagation\2.6.0\mutiny-smallrye-context-propagation-2.6.0.jar;C:\Users\toumi\.m2\repository\io\quarkus\quarkus-vertx\3.12.0\quarkus-vertx-3.12.0.jar;C:\Users\toumi\.m2\repository\io\quarkus\quarkus-netty\3.12.0\quarkus-netty-3.12.0.jar;C:\Users\toumi\.m2\repository\io\netty\netty-codec\4.1.108.Final\netty-codec-4.1.108.Final.jar;C:\Users\toumi\.m2\repository\com\aayushatharva\brotli4j\brotli4j\1.16.0\brotli4j-1.16.0.jar;C:\Users\toumi\.m2\repository\com\aayushatharva\brotli4j\service\1.16.0\service-1.16.0.jar;C:\Users\toumi\.m2\repository\com\aayushatharva\brotli4j\native-windows-x86_64\1.16.0\native-windows-x86_64-1.16.0.jar;C:\Users\toumi\.m2\repository\io\netty\netty-codec-haproxy\4.1.108.Final\netty-codec-haproxy-4.1.108.Final.jar;C:\Users\toumi\.m2\repository\io\quarkus\quarkus-vertx-latebound-mdc-provider\3.12.0\quarkus-vertx-latebound-mdc-provider-3.12.0.jar;C:\Users\toumi\.m2\repository\io\smallrye\smallrye-fault-tolerance-vertx\6.3.0\smallrye-fault-tolerance-vertx-6.3.0.jar;C:\Users\toumi\.m2\repository\io\quarkus\resteasy\reactive\resteasy-reactive-vertx\3.12.0\resteasy-reactive-vertx-3.12.0.jar;C:\Users\toumi\.m2\repository\io\vertx\vertx-web\4.5.7\vertx-web-4.5.7.jar;C:\Users\toumi\.m2\repository\io\vertx\vertx-web-common\4.5.7\vertx-web-common-4.5.7.jar;C:\Users\toumi\.m2\repository\io\vertx\vertx-auth-common\4.5.7\vertx-auth-common-4.5.7.jar;C:\Users\toumi\.m2\repository\io\vertx\vertx-bridge-common\4.5.7\vertx-bridge-common-4.5.7.jar;C:\Users\toumi\.m2\repository\io\smallrye\reactive\smallrye-mutiny-vertx-core\3.12.0\smallrye-mutiny-vertx-core-3.12.0.jar;C:\Users\toumi\.m2\repository\io\smallrye\reactive\smallrye-mutiny-vertx-runtime\3.12.0\smallrye-mutiny-vertx-runtime-3.12.0.jar;C:\Users\toumi\.m2\repository\io\smallrye\reactive\vertx-mutiny-generator\3.12.0\vertx-mutiny-generator-3.12.0.jar;C:\Users\toumi\.m2\repository\io\vertx\vertx-codegen\4.5.7\vertx-codegen-4.5.7.jar;C:\Users\toumi\.m2\repository\io\quarkus\resteasy\reactive\resteasy-reactive\3.12.0\resteasy-reactive-3.12.0.jar;C:\Users\toumi\.m2\repository\io\quarkus\vertx\utils\quarkus-vertx-utils\3.12.0\quarkus-vertx-utils-3.12.0.jar;C:\Users\toumi\.m2\repository\jakarta\ws\rs\jakarta.ws.rs-api\3.1.0\jakarta.ws.rs-api-3.1.0.jar;C:\Users\toumi\.m2\repository\org\jboss\logging\commons-logging-jboss-logging\1.0.0.Final\commons-logging-jboss-logging-1.0.0.Final.jar;C:\Users\toumi\.m2\repository\io\quarkus\quarkus-vertx-http\3.12.0\quarkus-vertx-http-3.12.0.jar;C:\Users\toumi\.m2\repository\io\quarkus\quarkus-security-runtime-spi\3.12.0\quarkus-security-runtime-spi-3.12.0.jar;C:\Users\toumi\.m2\repository\io\quarkus\quarkus-tls-registry\3.12.0\quarkus-tls-registry-3.12.0.jar;C:\Users\toumi\.m2\repository\io\quarkus\quarkus-credentials\3.12.0\quarkus-credentials-3.12.0.jar;C:\Users\toumi\.m2\repository\io\smallrye\common\smallrye-common-vertx-context\2.3.0\smallrye-common-vertx-context-2.3.0.jar;C:\Users\toumi\.m2\repository\io\quarkus\security\quarkus-security\2.1.0\quarkus-security-2.1.0.jar;C:\Users\toumi\.m2\repository\io\smallrye\reactive\smallrye-mutiny-vertx-web\3.12.0\smallrye-mutiny-vertx-web-3.12.0.jar;C:\Users\toumi\.m2\repository\io\smallrye\reactive\smallrye-mutiny-vertx-web-common\3.12.0\smallrye-mutiny-vertx-web-common-3.12.0.jar;C:\Users\toumi\.m2\repository\io\smallrye\reactive\smallrye-mutiny-vertx-auth-common\3.12.0\smallrye-mutiny-vertx-auth-common-3.12.0.jar;C:\Users\toumi\.m2\repository\io\smallrye\reactive\smallrye-mutiny-vertx-bridge-common\3.12.0\smallrye-mutiny-vertx-bridge-common-3.12.0.jar;C:\Users\toumi\.m2\repository\io\smallrye\reactive\smallrye-mutiny-vertx-uri-template\3.12.0\smallrye-mutiny-vertx-uri-template-3.12.0.jar;C:\Users\toumi\.m2\repository\io\vertx\vertx-uri-template\4.5.7\vertx-uri-template-4.5.7.jar;C:\Users\toumi\.m2\repository\io\github\crac\org-crac\0.1.3\org-crac-0.1.3.jar;C:\Users\toumi\.m2\repository\io\quarkus\quarkus-jsonp\3.12.0\quarkus-jsonp-3.12.0.jar;C:\Users\toumi\.m2\repository\org\eclipse\parsson\parsson\1.1.6\parsson-1.1.6.jar;C:\Users\toumi\.m2\repository\io\quarkus\quarkus-virtual-threads\3.12.0\quarkus-virtual-threads-3.12.0.jar;C:\Users\toumi\.m2\repository\io\vertx\vertx-core\4.5.7\vertx-core-4.5.7.jar;C:\Users\toumi\.m2\repository\io\netty\netty-common\4.1.108.Final\netty-common-4.1.108.Final.jar;C:\Users\toumi\.m2\repository\io\netty\netty-buffer\4.1.108.Final\netty-buffer-4.1.108.Final.jar;C:\Users\toumi\.m2\repository\io\netty\netty-transport\4.1.108.Final\netty-transport-4.1.108.Final.jar;C:\Users\toumi\.m2\repository\io\netty\netty-handler\4.1.108.Final\netty-handler-4.1.108.Final.jar;C:\Users\toumi\.m2\repository\io\netty\netty-transport-native-unix-common\4.1.108.Final\netty-transport-native-unix-common-4.1.108.Final.jar;C:\Users\toumi\.m2\repository\io\netty\netty-handler-proxy\4.1.108.Final\netty-handler-proxy-4.1.108.Final.jar;C:\Users\toumi\.m2\repository\io\netty\netty-codec-socks\4.1.108.Final\netty-codec-socks-4.1.108.Final.jar;C:\Users\toumi\.m2\repository\io\netty\netty-codec-http\4.1.108.Final\netty-codec-http-4.1.108.Final.jar;C:\Users\toumi\.m2\repository\io\netty\netty-codec-http2\4.1.108.Final\netty-codec-http2-4.1.108.Final.jar;C:\Users\toumi\.m2\repository\io\netty\netty-resolver\4.1.108.Final\netty-resolver-4.1.108.Final.jar;C:\Users\toumi\.m2\repository\io\netty\netty-resolver-dns\4.1.108.Final\netty-resolver-dns-4.1.108.Final.jar;C:\Users\toumi\.m2\repository\io\netty\netty-codec-dns\4.1.108.Final\netty-codec-dns-4.1.108.Final.jar;C:\Users\toumi\.m2\repository\com\fasterxml\jackson\core\jackson-core\2.17.1\jackson-core-2.17.1.jar;C:\Users\toumi\.m2\repository\io\quarkus\quarkus-jdbc-postgresql\3.12.0\quarkus-jdbc-postgresql-3.12.0.jar;C:\Users\toumi\.m2\repository\org\postgresql\postgresql\42.7.3\postgresql-42.7.3.jar;C:\Users\toumi\.m2\repository\io\quarkus\quarkus-liquibase\3.12.0\quarkus-liquibase-3.12.0.jar;C:\Users\toumi\.m2\repository\org\liquibase\liquibase-core\4.27.0\liquibase-core-4.27.0.jar;C:\Users\toumi\.m2\repository\com\opencsv\opencsv\5.9\opencsv-5.9.jar;C:\Users\toumi\.m2\repository\org\apache\commons\commons-text\1.12.0\commons-text-1.12.0.jar;C:\Users\toumi\.m2\repository\org\apache\commons\commons-collections4\4.4\commons-collections4-4.4.jar;C:\Users\toumi\.m2\repository\org\apache\commons\commons-lang3\3.14.0\commons-lang3-3.14.0.jar;C:\Users\toumi\.m2\repository\org\osgi\osgi.core\6.0.0\osgi.core-6.0.0.jar;C:\Users\toumi\.m2\repository\org\yaml\snakeyaml\2.2\snakeyaml-2.2.jar;C:\Users\toumi\.m2\repository\io\quarkus\quarkus-jaxb\3.12.0\quarkus-jaxb-3.12.0.jar;C:\Users\toumi\.m2\repository\io\quarkus\quarkus-jaxp\3.12.0\quarkus-jaxp-3.12.0.jar;C:\Users\toumi\.m2\repository\io\quarkus\quarkus-agroal\3.12.0\quarkus-agroal-3.12.0.jar;C:\Users\toumi\.m2\repository\io\quarkus\quarkus-datasource\3.12.0\quarkus-datasource-3.12.0.jar;C:\Users\toumi\.m2\repository\io\agroal\agroal-api\2.4\agroal-api-2.4.jar;C:\Users\toumi\.m2\repository\io\agroal\agroal-narayana\2.4\agroal-narayana-2.4.jar;C:\Users\toumi\.m2\repository\org\jboss\jboss-transaction-spi\8.0.0.Final\jboss-transaction-spi-8.0.0.Final.jar;C:\Users\toumi\.m2\repository\io\agroal\agroal-pool\2.4\agroal-pool-2.4.jar;C:\Users\toumi\.m2\repository\io\quarkus\quarkus-datasource-common\3.12.0\quarkus-datasource-common-3.12.0.jar;C:\Users\toumi\.m2\repository\io\quarkus\quarkus-narayana-jta\3.12.0\quarkus-narayana-jta-3.12.0.jar;C:\Users\toumi\.m2\repository\io\quarkus\quarkus-transaction-annotations\3.12.0\quarkus-transaction-annotations-3.12.0.jar;C:\Users\toumi\.m2\repository\io\smallrye\smallrye-context-propagation-jta\2.1.2\smallrye-context-propagation-jta-2.1.2.jar;C:\Users\toumi\.m2\repository\io\smallrye\reactive\smallrye-reactive-converter-api\3.0.1\smallrye-reactive-converter-api-3.0.1.jar;C:\Users\toumi\.m2\repository\io\smallrye\reactive\smallrye-reactive-converter-mutiny\3.0.1\smallrye-reactive-converter-mutiny-3.0.1.jar;C:\Users\toumi\.m2\repository\io\smallrye\reactive\mutiny-zero-flow-adapters\1.1.0\mutiny-zero-flow-adapters-1.1.0.jar;C:\Users\toumi\.m2\repository\org\jboss\narayana\jta\narayana-jta\7.0.1.Final\narayana-jta-7.0.1.Final.jar;C:\Users\toumi\.m2\repository\jakarta\resource\jakarta.resource-api\2.1.0\jakarta.resource-api-2.1.0.jar;C:\Users\toumi\.m2\repository\org\jboss\invocation\jboss-invocation\2.0.0.Final\jboss-invocation-2.0.0.Final.jar;C:\Users\toumi\.m2\repository\org\eclipse\microprofile\reactive-streams-operators\microprofile-reactive-streams-operators-api\3.0\microprofile-reactive-streams-operators-api-3.0.jar;C:\Users\toumi\.m2\repository\org\jboss\narayana\jts\narayana-jts-integration\7.0.1.Final\narayana-jts-integration-7.0.1.Final.jar;C:\Users\toumi\.m2\repository\io\quarkus\quarkus-hibernate-orm-panache\3.12.0\quarkus-hibernate-orm-panache-3.12.0.jar;C:\Users\toumi\.m2\repository\io\quarkus\quarkus-hibernate-orm-panache-common\3.12.0\quarkus-hibernate-orm-panache-common-3.12.0.jar;C:\Users\toumi\.m2\repository\io\quarkus\quarkus-panache-hibernate-common\3.12.0\quarkus-panache-hibernate-common-3.12.0.jar;C:\Users\toumi\.m2\repository\io\quarkus\quarkus-panache-common\3.12.0\quarkus-panache-common-3.12.0.jar;C:\Users\toumi\.m2\repository\io\quarkus\quarkus-hibernate-orm\3.12.0\quarkus-hibernate-orm-3.12.0.jar;C:\Users\toumi\.m2\repository\org\hibernate\orm\hibernate-core\6.5.2.Final\hibernate-core-6.5.2.Final.jar;C:\Users\toumi\.m2\repository\com\fasterxml\classmate\1.7.0\classmate-1.7.0.jar;C:\Users\toumi\.m2\repository\org\antlr\antlr4-runtime\4.13.0\antlr4-runtime-4.13.0.jar;C:\Users\toumi\.m2\repository\net\bytebuddy\byte-buddy\1.14.15\byte-buddy-1.14.15.jar;C:\Users\toumi\.m2\repository\org\hibernate\common\hibernate-commons-annotations\6.0.6.Final\hibernate-commons-annotations-6.0.6.Final.jar;C:\Users\toumi\.m2\repository\org\hibernate\orm\hibernate-graalvm\6.5.2.Final\hibernate-graalvm-6.5.2.Final.jar;C:\Users\toumi\.m2\repository\org\glassfish\jaxb\jaxb-runtime\4.0.5\jaxb-runtime-4.0.5.jar;C:\Users\toumi\.m2\repository\org\glassfish\jaxb\jaxb-core\4.0.5\jaxb-core-4.0.5.jar;C:\Users\toumi\.m2\repository\org\eclipse\angus\angus-activation\2.0.2\angus-activation-2.0.2.jar;C:\Users\toumi\.m2\repository\org\glassfish\jaxb\txw2\4.0.5\txw2-4.0.5.jar;C:\Users\toumi\.m2\repository\com\sun\istack\istack-commons-runtime\4.1.2\istack-commons-runtime-4.1.2.jar;C:\Users\toumi\.m2\repository\jakarta\xml\bind\jakarta.xml.bind-api\4.0.2\jakarta.xml.bind-api-4.0.2.jar;C:\Users\toumi\.m2\repository\jakarta\activation\jakarta.activation-api\2.1.3\jakarta.activation-api-2.1.3.jar;C:\Users\toumi\.m2\repository\jakarta\persistence\jakarta.persistence-api\3.1.0\jakarta.persistence-api-3.1.0.jar;C:\Users\toumi\.m2\repository\jakarta\transaction\jakarta.transaction-api\2.0.1\jakarta.transaction-api-2.0.1.jar;C:\Users\toumi\.m2\repository\org\hibernate\quarkus-local-cache\0.3.0\quarkus-local-cache-0.3.0.jar;C:\Users\toumi\.m2\repository\io\quarkus\quarkus-caffeine\3.12.0\quarkus-caffeine-3.12.0.jar;C:\Users\toumi\.m2\repository\com\github\ben-manes\caffeine\caffeine\3.1.5\caffeine-3.1.5.jar;C:\Users\toumi\.m2\repository\com\google\errorprone\error_prone_annotations\2.28.0\error_prone_annotations-2.28.0.jar;C:\Users\toumi\.m2\repository\io\quarkus\quarkus-smallrye-jwt\3.12.0\quarkus-smallrye-jwt-3.12.0.jar;C:\Users\toumi\.m2\repository\io\smallrye\smallrye-jwt\4.5.2\smallrye-jwt-4.5.2.jar;C:\Users\toumi\.m2\repository\org\eclipse\microprofile\config\microprofile-config-api\3.1\microprofile-config-api-3.1.jar;C:\Users\toumi\.m2\repository\org\eclipse\microprofile\jwt\microprofile-jwt-auth-api\2.1\microprofile-jwt-auth-api-2.1.jar;C:\Users\toumi\.m2\repository\org\bitbucket\b_c\jose4j\0.9.6\jose4j-0.9.6.jar;C:\Users\toumi\.m2\repository\io\smallrye\smallrye-jwt-common\4.5.2\smallrye-jwt-common-4.5.2.jar;C:\Users\toumi\.m2\repository\jakarta\annotation\jakarta.annotation-api\3.0.0\jakarta.annotation-api-3.0.0.jar;C:\Users\toumi\.m2\repository\io\quarkus\quarkus-security\3.12.0\quarkus-security-3.12.0.jar;C:\Users\toumi\.m2\repository\jakarta\interceptor\jakarta.interceptor-api\2.2.0\jakarta.interceptor-api-2.2.0.jar;C:\Users\toumi\.m2\repository\io\quarkus\quarkus-smallrye-jwt-build\3.12.0\quarkus-smallrye-jwt-build-3.12.0.jar;C:\Users\toumi\.m2\repository\io\smallrye\smallrye-jwt-build\4.5.2\smallrye-jwt-build-4.5.2.jar;C:\Users\toumi\.m2\repository\io\quarkus\quarkus-rest-jackson\3.12.0\quarkus-rest-jackson-3.12.0.jar;C:\Users\toumi\.m2\repository\io\quarkus\quarkus-rest-jackson-common\3.12.0\quarkus-rest-jackson-common-3.12.0.jar;C:\Users\toumi\.m2\repository\io\quarkus\resteasy\reactive\resteasy-reactive-jackson\3.12.0\resteasy-reactive-jackson-3.12.0.jar;C:\Users\toumi\.m2\repository\com\fasterxml\jackson\core\jackson-databind\2.17.1\jackson-databind-2.17.1.jar;C:\Users\toumi\.m2\repository\com\fasterxml\jackson\core\jackson-annotations\2.17.1\jackson-annotations-2.17.1.jar;C:\Users\toumi\.m2\repository\io\quarkus\quarkus-jackson\3.12.0\quarkus-jackson-3.12.0.jar;C:\Users\toumi\.m2\repository\com\fasterxml\jackson\datatype\jackson-datatype-jsr310\2.17.1\jackson-datatype-jsr310-2.17.1.jar;C:\Users\toumi\.m2\repository\com\fasterxml\jackson\datatype\jackson-datatype-jdk8\2.17.1\jackson-datatype-jdk8-2.17.1.jar;C:\Users\toumi\.m2\repository\com\fasterxml\jackson\module\jackson-module-parameter-names\2.17.1\jackson-module-parameter-names-2.17.1.jar;C:\Users\toumi\.m2\repository\io\quarkus\quarkus-junit5\3.12.0\quarkus-junit5-3.12.0.jar;C:\Users\toumi\.m2\repository\io\quarkus\quarkus-bootstrap-core\3.12.0\quarkus-bootstrap-core-3.12.0.jar;C:\Users\toumi\.m2\repository\io\quarkus\quarkus-classloader-commons\3.12.0\quarkus-classloader-commons-3.12.0.jar;C:\Users\toumi\.m2\repository\io\quarkus\quarkus-bootstrap-app-model\3.12.0\quarkus-bootstrap-app-model-3.12.0.jar;C:\Users\toumi\.m2\repository\io\smallrye\common\smallrye-common-io\2.3.0\smallrye-common-io-2.3.0.jar;C:\Users\toumi\.m2\repository\org\eclipse\sisu\org.eclipse.sisu.inject\0.9.0.M2\org.eclipse.sisu.inject-0.9.0.M2.jar;C:\Users\toumi\.m2\repository\io\quarkus\quarkus-test-common\3.12.0\quarkus-test-common-3.12.0.jar;C:\Users\toumi\.m2\repository\io\quarkus\quarkus-core-deployment\3.12.0\quarkus-core-deployment-3.12.0.jar;C:\Users\toumi\.m2\repository\org\aesh\readline\2.4\readline-2.4.jar;C:\Users\toumi\.m2\repository\org\fusesource\jansi\jansi\2.4.0\jansi-2.4.0.jar;C:\Users\toumi\.m2\repository\org\aesh\aesh\2.7\aesh-2.7.jar;C:\Users\toumi\.m2\repository\io\quarkus\gizmo\gizmo\1.8.0\gizmo-1.8.0.jar;C:\Users\toumi\.m2\repository\org\ow2\asm\asm-util\9.7\asm-util-9.7.jar;C:\Users\toumi\.m2\repository\org\ow2\asm\asm-analysis\9.7\asm-analysis-9.7.jar;C:\Users\toumi\.m2\repository\org\ow2\asm\asm\9.7\asm-9.7.jar;C:\Users\toumi\.m2\repository\org\ow2\asm\asm-commons\9.7\asm-commons-9.7.jar;C:\Users\toumi\.m2\repository\org\ow2\asm\asm-tree\9.7\asm-tree-9.7.jar;C:\Users\toumi\.m2\repository\io\quarkus\quarkus-hibernate-validator-spi\3.12.0\quarkus-hibernate-validator-spi-3.12.0.jar;C:\Users\toumi\.m2\repository\io\quarkus\quarkus-class-change-agent\3.12.0\quarkus-class-change-agent-3.12.0.jar;C:\Users\toumi\.m2\repository\io\quarkus\quarkus-devtools-utilities\3.12.0\quarkus-devtools-utilities-3.12.0.jar;C:\Users\toumi\.m2\repository\io\quarkus\quarkus-builder\3.12.0\quarkus-builder-3.12.0.jar;C:\Users\toumi\.m2\repository\org\graalvm\sdk\nativeimage\23.1.2\nativeimage-23.1.2.jar;C:\Users\toumi\.m2\repository\org\graalvm\sdk\word\23.1.2\word-23.1.2.jar;C:\Users\toumi\.m2\repository\org\junit\platform\junit-platform-launcher\1.10.2\junit-platform-launcher-1.10.2.jar;C:\Users\toumi\.m2\repository\io\quarkus\quarkus-bootstrap-maven-resolver\3.12.0\quarkus-bootstrap-maven-resolver-3.12.0.jar;C:\Users\toumi\.m2\repository\io\smallrye\beanbag\smallrye-beanbag-maven\1.5.2\smallrye-beanbag-maven-1.5.2.jar;C:\Users\toumi\.m2\repository\io\smallrye\beanbag\smallrye-beanbag-sisu\1.5.2\smallrye-beanbag-sisu-1.5.2.jar;C:\Users\toumi\.m2\repository\io\smallrye\beanbag\smallrye-beanbag\1.5.2\smallrye-beanbag-1.5.2.jar;C:\Users\toumi\.m2\repository\javax\inject\javax.inject\1\javax.inject-1.jar;C:\Users\toumi\.m2\repository\org\apache\maven\maven-artifact\3.9.7\maven-artifact-3.9.7.jar;C:\Users\toumi\.m2\repository\org\apache\maven\maven-builder-support\3.9.7\maven-builder-support-3.9.7.jar;C:\Users\toumi\.m2\repository\org\apache\maven\maven-model\3.9.7\maven-model-3.9.7.jar;C:\Users\toumi\.m2\repository\org\apache\maven\maven-model-builder\3.9.7\maven-model-builder-3.9.7.jar;C:\Users\toumi\.m2\repository\org\apache\maven\maven-repository-metadata\3.9.7\maven-repository-metadata-3.9.7.jar;C:\Users\toumi\.m2\repository\org\apache\maven\maven-settings\3.9.7\maven-settings-3.9.7.jar;C:\Users\toumi\.m2\repository\org\apache\maven\resolver\maven-resolver-api\1.9.20\maven-resolver-api-1.9.20.jar;C:\Users\toumi\.m2\repository\org\apache\maven\resolver\maven-resolver-impl\1.9.20\maven-resolver-impl-1.9.20.jar;C:\Users\toumi\.m2\repository\org\apache\maven\resolver\maven-resolver-named-locks\1.9.20\maven-resolver-named-locks-1.9.20.jar;C:\Users\toumi\.m2\repository\org\apache\maven\resolver\maven-resolver-spi\1.9.20\maven-resolver-spi-1.9.20.jar;C:\Users\toumi\.m2\repository\org\apache\maven\resolver\maven-resolver-util\1.9.20\maven-resolver-util-1.9.20.jar;C:\Users\toumi\.m2\repository\org\apache\maven\resolver\maven-resolver-transport-http\1.9.20\maven-resolver-transport-http-1.9.20.jar;C:\Users\toumi\.m2\repository\org\apache\maven\wagon\wagon-provider-api\3.5.3\wagon-provider-api-3.5.3.jar;C:\Users\toumi\.m2\repository\org\apache\maven\wagon\wagon-http-shared\3.5.3\wagon-http-shared-3.5.3.jar;C:\Users\toumi\.m2\repository\org\codehaus\plexus\plexus-interpolation\1.26\plexus-interpolation-1.26.jar;C:\Users\toumi\.m2\repository\org\codehaus\plexus\plexus-utils\3.5.1\plexus-utils-3.5.1.jar;C:\Users\toumi\.m2\repository\org\codehaus\plexus\plexus-xml\4.0.1\plexus-xml-4.0.1.jar;C:\Users\toumi\.m2\repository\org\apache\maven\maven-xml-impl\4.0.0-alpha-5\maven-xml-impl-4.0.0-alpha-5.jar;C:\Users\toumi\.m2\repository\org\apache\maven\maven-api-xml\4.0.0-alpha-5\maven-api-xml-4.0.0-alpha-5.jar;C:\Users\toumi\.m2\repository\org\apache\maven\maven-api-meta\4.0.0-alpha-5\maven-api-meta-4.0.0-alpha-5.jar;C:\Users\toumi\.m2\repository\org\codehaus\plexus\plexus-cipher\2.0\plexus-cipher-2.0.jar;C:\Users\toumi\.m2\repository\org\codehaus\plexus\plexus-sec-dispatcher\2.0\plexus-sec-dispatcher-2.0.jar;C:\Users\toumi\.m2\repository\org\apache\maven\maven-embedder\3.9.7\maven-embedder-3.9.7.jar;C:\Users\toumi\.m2\repository\org\apache\maven\maven-core\3.9.7\maven-core-3.9.7.jar;C:\Users\toumi\.m2\repository\org\codehaus\plexus\plexus-component-annotations\2.1.0\plexus-component-annotations-2.1.0.jar;C:\Users\toumi\.m2\repository\org\apache\maven\maven-plugin-api\3.9.7\maven-plugin-api-3.9.7.jar;C:\Users\toumi\.m2\repository\org\apache\maven\shared\maven-shared-utils\3.4.2\maven-shared-utils-3.4.2.jar;C:\Users\toumi\.m2\repository\com\google\inject\guice\5.1.0\guice-5.1.0.jar;C:\Users\toumi\.m2\repository\aopalliance\aopalliance\1.0\aopalliance-1.0.jar;C:\Users\toumi\.m2\repository\com\google\guava\guava\33.2.1-jre\guava-33.2.1-jre.jar;C:\Users\toumi\.m2\repository\com\google\guava\failureaccess\1.0.1\failureaccess-1.0.1.jar;C:\Users\toumi\.m2\repository\javax\annotation\javax.annotation-api\1.3.2\javax.annotation-api-1.3.2.jar;C:\Users\toumi\.m2\repository\org\codehaus\plexus\plexus-classworlds\2.6.0\plexus-classworlds-2.6.0.jar;C:\Users\toumi\.m2\repository\commons-cli\commons-cli\1.7.0\commons-cli-1.7.0.jar;C:\Users\toumi\.m2\repository\org\eclipse\sisu\org.eclipse.sisu.plexus\0.9.0.M2\org.eclipse.sisu.plexus-0.9.0.M2.jar;C:\Users\toumi\.m2\repository\org\apache\maven\maven-settings-builder\3.9.7\maven-settings-builder-3.9.7.jar;C:\Users\toumi\.m2\repository\org\apache\maven\maven-resolver-provider\3.9.7\maven-resolver-provider-3.9.7.jar;C:\Users\toumi\.m2\repository\org\apache\maven\resolver\maven-resolver-connector-basic\1.9.20\maven-resolver-connector-basic-1.9.20.jar;C:\Users\toumi\.m2\repository\org\apache\maven\resolver\maven-resolver-transport-wagon\1.9.20\maven-resolver-transport-wagon-1.9.20.jar;C:\Users\toumi\.m2\repository\org\apache\maven\wagon\wagon-http\3.5.3\wagon-http-3.5.3.jar;C:\Users\toumi\.m2\repository\org\apache\maven\wagon\wagon-file\3.5.3\wagon-file-3.5.3.jar;C:\Users\toumi\.m2\repository\io\quarkus\quarkus-bootstrap-gradle-resolver\3.12.0\quarkus-bootstrap-gradle-resolver-3.12.0.jar;C:\Users\toumi\.m2\repository\io\smallrye\jandex\3.2.0\jandex-3.2.0.jar;C:\Users\toumi\.m2\repository\commons-io\commons-io\2.16.1\commons-io-2.16.1.jar;C:\Users\toumi\.m2\repository\io\quarkus\quarkus-junit5-properties\3.12.0\quarkus-junit5-properties-3.12.0.jar;C:\Users\toumi\.m2\repository\org\junit\jupiter\junit-jupiter\5.10.2\junit-jupiter-5.10.2.jar;C:\Users\toumi\.m2\repository\org\junit\jupiter\junit-jupiter-api\5.10.2\junit-jupiter-api-5.10.2.jar;C:\Users\toumi\.m2\repository\org\opentest4j\opentest4j\1.3.0\opentest4j-1.3.0.jar;C:\Users\toumi\.m2\repository\org\junit\platform\junit-platform-commons\1.10.2\junit-platform-commons-1.10.2.jar;C:\Users\toumi\.m2\repository\org\apiguardian\apiguardian-api\1.1.2\apiguardian-api-1.1.2.jar;C:\Users\toumi\.m2\repository\org\junit\jupiter\junit-jupiter-params\5.10.2\junit-jupiter-params-5.10.2.jar;C:\Users\toumi\.m2\repository\org\junit\jupiter\junit-jupiter-engine\5.10.2\junit-jupiter-engine-5.10.2.jar;C:\Users\toumi\.m2\repository\org\junit\platform\junit-platform-engine\1.10.2\junit-platform-engine-1.10.2.jar;C:\Users\toumi\.m2\repository\com\thoughtworks\xstream\xstream\1.4.20\xstream-1.4.20.jar;C:\Users\toumi\.m2\repository\io\github\x-stream\mxparser\1.2.2\mxparser-1.2.2.jar;C:\Users\toumi\.m2\repository\xmlpull\xmlpull\1.1.3.1\xmlpull-1.1.3.1.jar;C:\Users\toumi\.m2\repository\org\projectlombok\lombok\1.18.30\lombok-1.18.30.jar;C:\Users\toumi\.m2\repository\io\rest-assured\rest-assured\5.4.0\rest-assured-5.4.0.jar;C:\Users\toumi\.m2\repository\org\apache\groovy\groovy\4.0.16\groovy-4.0.16.jar;C:\Users\toumi\.m2\repository\org\apache\groovy\groovy-xml\4.0.16\groovy-xml-4.0.16.jar;C:\Users\toumi\.m2\repository\org\apache\httpcomponents\httpclient\4.5.14\httpclient-4.5.14.jar;C:\Users\toumi\.m2\repository\org\apache\httpcomponents\httpcore\4.4.16\httpcore-4.4.16.jar;C:\Users\toumi\.m2\repository\commons-codec\commons-codec\1.17.0\commons-codec-1.17.0.jar;C:\Users\toumi\.m2\repository\org\apache\httpcomponents\httpmime\4.5.14\httpmime-4.5.14.jar;C:\Users\toumi\.m2\repository\org\ccil\cowan\tagsoup\tagsoup\1.2.1\tagsoup-1.2.1.jar;C:\Users\toumi\.m2\repository\io\rest-assured\json-path\5.4.0\json-path-5.4.0.jar;C:\Users\toumi\.m2\repository\org\apache\groovy\groovy-json\4.0.16\groovy-json-4.0.16.jar;C:\Users\toumi\.m2\repository\io\rest-assured\rest-assured-common\5.4.0\rest-assured-common-5.4.0.jar;C:\Users\toumi\.m2\repository\io\rest-assured\xml-path\5.4.0\xml-path-5.4.0.jar;C:\Users\toumi\.m2\repository\org\hamcrest\hamcrest\2.2\hamcrest-2.2.jar;"/>
    <property name="java.vm.vendor" value="Microsoft"/>
    <property name="sun.arch.data.model" value="64"/>
    <property name="user.variant" value=""/>
    <property name="java.vendor.url" value="https://www.microsoft.com"/>
    <property name="user.timezone" value="Africa/Tunis"/>
    <property name="logging.initial-configurator.min-level" value="500"/>
    <property name="os.name" value="Windows 10"/>
    <property name="java.vm.specification.version" value="21"/>
    <property name="sun.java.launcher" value="SUN_STANDARD"/>
    <property name="user.country" value="FR"/>
    <property name="groovy.use.classvalue" value="false"/>
    <property name="sun.boot.library.path" value="C:\Users\toumi\.jdks\ms-21.0.8\bin"/>
    <property name="sun.java.command" value="C:\Users\toumi\AppData\Local\Temp\surefire13658828898402618454\surefirebooter-20250901190434243_3.jar C:\Users\toumi\AppData\Local\Temp\surefire13658828898402618454 2025-09-01T19-04-33_564-jvmRun1 surefire-20250901190434243_1tmp surefire_0-20250901190434243_2tmp"/>
    <property name="jdk.debug" value="release"/>
    <property name="surefire.test.class.path" value="C:\Users\toumi\OneDrive\Bureau\api_users\target\test-classes;C:\Users\toumi\OneDrive\Bureau\api_users\target\classes;C:\Users\toumi\.m2\repository\io\quarkus\quarkus-arc\3.12.0\quarkus-arc-3.12.0.jar;C:\Users\toumi\.m2\repository\io\quarkus\arc\arc\3.12.0\arc-3.12.0.jar;C:\Users\toumi\.m2\repository\jakarta\enterprise\jakarta.enterprise.cdi-api\4.1.0\jakarta.enterprise.cdi-api-4.1.0.jar;C:\Users\toumi\.m2\repository\jakarta\enterprise\jakarta.enterprise.lang-model\4.1.0\jakarta.enterprise.lang-model-4.1.0.jar;C:\Users\toumi\.m2\repository\jakarta\el\jakarta.el-api\5.0.1\jakarta.el-api-5.0.1.jar;C:\Users\toumi\.m2\repository\io\smallrye\reactive\mutiny\2.6.0\mutiny-2.6.0.jar;C:\Users\toumi\.m2\repository\io\smallrye\common\smallrye-common-annotation\2.3.0\smallrye-common-annotation-2.3.0.jar;C:\Users\toumi\.m2\repository\org\jctools\jctools-core\4.0.3\jctools-core-4.0.3.jar;C:\Users\toumi\.m2\repository\org\jboss\logging\jboss-logging\3.6.0.Final\jboss-logging-3.6.0.Final.jar;C:\Users\toumi\.m2\repository\io\quarkus\quarkus-core\3.12.0\quarkus-core-3.12.0.jar;C:\Users\toumi\.m2\repository\jakarta\inject\jakarta.inject-api\2.0.1\jakarta.inject-api-2.0.1.jar;C:\Users\toumi\.m2\repository\io\smallrye\common\smallrye-common-os\2.3.0\smallrye-common-os-2.3.0.jar;C:\Users\toumi\.m2\repository\io\quarkus\quarkus-ide-launcher\3.12.0\quarkus-ide-launcher-3.12.0.jar;C:\Users\toumi\.m2\repository\io\quarkus\quarkus-development-mode-spi\3.12.0\quarkus-development-mode-spi-3.12.0.jar;C:\Users\toumi\.m2\repository\io\smallrye\config\smallrye-config\3.8.2\smallrye-config-3.8.2.jar;C:\Users\toumi\.m2\repository\io\smallrye\config\smallrye-config-core\3.8.2\smallrye-config-core-3.8.2.jar;C:\Users\toumi\.m2\repository\io\smallrye\common\smallrye-common-classloader\2.3.0\smallrye-common-classloader-2.3.0.jar;C:\Users\toumi\.m2\repository\io\smallrye\config\smallrye-config-common\3.8.2\smallrye-config-common-3.8.2.jar;C:\Users\toumi\.m2\repository\org\jboss\logmanager\jboss-logmanager\3.0.6.Final\jboss-logmanager-3.0.6.Final.jar;C:\Users\toumi\.m2\repository\io\smallrye\common\smallrye-common-constraint\2.3.0\smallrye-common-constraint-2.3.0.jar;C:\Users\toumi\.m2\repository\io\smallrye\common\smallrye-common-cpu\2.3.0\smallrye-common-cpu-2.3.0.jar;C:\Users\toumi\.m2\repository\io\smallrye\common\smallrye-common-expression\2.3.0\smallrye-common-expression-2.3.0.jar;C:\Users\toumi\.m2\repository\io\smallrye\common\smallrye-common-function\2.3.0\smallrye-common-function-2.3.0.jar;C:\Users\toumi\.m2\repository\io\smallrye\common\smallrye-common-net\2.3.0\smallrye-common-net-2.3.0.jar;C:\Users\toumi\.m2\repository\io\smallrye\common\smallrye-common-ref\2.3.0\smallrye-common-ref-2.3.0.jar;C:\Users\toumi\.m2\repository\jakarta\json\jakarta.json-api\2.1.3\jakarta.json-api-2.1.3.jar;C:\Users\toumi\.m2\repository\org\jboss\logging\jboss-logging-annotations\2.2.1.Final\jboss-logging-annotations-2.2.1.Final.jar;C:\Users\toumi\.m2\repository\org\jboss\threads\jboss-threads\3.6.1.Final\jboss-threads-3.6.1.Final.jar;C:\Users\toumi\.m2\repository\org\slf4j\slf4j-api\2.0.6\slf4j-api-2.0.6.jar;C:\Users\toumi\.m2\repository\org\jboss\slf4j\slf4j-jboss-logmanager\2.0.0.Final\slf4j-jboss-logmanager-2.0.0.Final.jar;C:\Users\toumi\.m2\repository\org\wildfly\common\wildfly-common\1.7.0.Final\wildfly-common-1.7.0.Final.jar;C:\Users\toumi\.m2\repository\io\quarkus\quarkus-bootstrap-runner\3.12.0\quarkus-bootstrap-runner-3.12.0.jar;C:\Users\toumi\.m2\repository\io\quarkus\quarkus-fs-util\0.0.10\quarkus-fs-util-0.0.10.jar;C:\Users\toumi\.m2\repository\org\eclipse\microprofile\context-propagation\microprofile-context-propagation-api\1.3\microprofile-context-propagation-api-1.3.jar;C:\Users\toumi\.m2\repository\io\quarkus\quarkus-rest\3.12.0\quarkus-rest-3.12.0.jar;C:\Users\toumi\.m2\repository\io\quarkus\quarkus-rest-common\3.12.0\quarkus-rest-common-3.12.0.jar;C:\Users\toumi\.m2\repository\io\quarkus\resteasy\reactive\resteasy-reactive-common\3.12.0\resteasy-reactive-common-3.12.0.jar;C:\Users\toumi\.m2\repository\io\quarkus\resteasy\reactive\resteasy-reactive-common-types\3.12.0\resteasy-reactive-common-types-3.12.0.jar;C:\Users\toumi\.m2\repository\org\reactivestreams\reactive-streams\1.0.4\reactive-streams-1.0.4.jar;C:\Users\toumi\.m2\repository\io\quarkus\quarkus-mutiny\3.12.0\quarkus-mutiny-3.12.0.jar;C:\Users\toumi\.m2\repository\io\quarkus\quarkus-smallrye-context-propagation\3.12.0\quarkus-smallrye-context-propagation-3.12.0.jar;C:\Users\toumi\.m2\repository\io\smallrye\smallrye-context-propagation\2.1.2\smallrye-context-propagation-2.1.2.jar;C:\Users\toumi\.m2\repository\io\smallrye\smallrye-context-propagation-api\2.1.2\smallrye-context-propagation-api-2.1.2.jar;C:\Users\toumi\.m2\repository\io\smallrye\smallrye-context-propagation-storage\2.1.2\smallrye-context-propagation-storage-2.1.2.jar;C:\Users\toumi\.m2\repository\io\smallrye\reactive\mutiny-smallrye-context-propagation\2.6.0\mutiny-smallrye-context-propagation-2.6.0.jar;C:\Users\toumi\.m2\repository\io\quarkus\quarkus-vertx\3.12.0\quarkus-vertx-3.12.0.jar;C:\Users\toumi\.m2\repository\io\quarkus\quarkus-netty\3.12.0\quarkus-netty-3.12.0.jar;C:\Users\toumi\.m2\repository\io\netty\netty-codec\4.1.108.Final\netty-codec-4.1.108.Final.jar;C:\Users\toumi\.m2\repository\com\aayushatharva\brotli4j\brotli4j\1.16.0\brotli4j-1.16.0.jar;C:\Users\toumi\.m2\repository\com\aayushatharva\brotli4j\service\1.16.0\service-1.16.0.jar;C:\Users\toumi\.m2\repository\com\aayushatharva\brotli4j\native-windows-x86_64\1.16.0\native-windows-x86_64-1.16.0.jar;C:\Users\toumi\.m2\repository\io\netty\netty-codec-haproxy\4.1.108.Final\netty-codec-haproxy-4.1.108.Final.jar;C:\Users\toumi\.m2\repository\io\quarkus\quarkus-vertx-latebound-mdc-provider\3.12.0\quarkus-vertx-latebound-mdc-provider-3.12.0.jar;C:\Users\toumi\.m2\repository\io\smallrye\smallrye-fault-tolerance-vertx\6.3.0\smallrye-fault-tolerance-vertx-6.3.0.jar;C:\Users\toumi\.m2\repository\io\quarkus\resteasy\reactive\resteasy-reactive-vertx\3.12.0\resteasy-reactive-vertx-3.12.0.jar;C:\Users\toumi\.m2\repository\io\vertx\vertx-web\4.5.7\vertx-web-4.5.7.jar;C:\Users\toumi\.m2\repository\io\vertx\vertx-web-common\4.5.7\vertx-web-common-4.5.7.jar;C:\Users\toumi\.m2\repository\io\vertx\vertx-auth-common\4.5.7\vertx-auth-common-4.5.7.jar;C:\Users\toumi\.m2\repository\io\vertx\vertx-bridge-common\4.5.7\vertx-bridge-common-4.5.7.jar;C:\Users\toumi\.m2\repository\io\smallrye\reactive\smallrye-mutiny-vertx-core\3.12.0\smallrye-mutiny-vertx-core-3.12.0.jar;C:\Users\toumi\.m2\repository\io\smallrye\reactive\smallrye-mutiny-vertx-runtime\3.12.0\smallrye-mutiny-vertx-runtime-3.12.0.jar;C:\Users\toumi\.m2\repository\io\smallrye\reactive\vertx-mutiny-generator\3.12.0\vertx-mutiny-generator-3.12.0.jar;C:\Users\toumi\.m2\repository\io\vertx\vertx-codegen\4.5.7\vertx-codegen-4.5.7.jar;C:\Users\toumi\.m2\repository\io\quarkus\resteasy\reactive\resteasy-reactive\3.12.0\resteasy-reactive-3.12.0.jar;C:\Users\toumi\.m2\repository\io\quarkus\vertx\utils\quarkus-vertx-utils\3.12.0\quarkus-vertx-utils-3.12.0.jar;C:\Users\toumi\.m2\repository\jakarta\ws\rs\jakarta.ws.rs-api\3.1.0\jakarta.ws.rs-api-3.1.0.jar;C:\Users\toumi\.m2\repository\org\jboss\logging\commons-logging-jboss-logging\1.0.0.Final\commons-logging-jboss-logging-1.0.0.Final.jar;C:\Users\toumi\.m2\repository\io\quarkus\quarkus-vertx-http\3.12.0\quarkus-vertx-http-3.12.0.jar;C:\Users\toumi\.m2\repository\io\quarkus\quarkus-security-runtime-spi\3.12.0\quarkus-security-runtime-spi-3.12.0.jar;C:\Users\toumi\.m2\repository\io\quarkus\quarkus-tls-registry\3.12.0\quarkus-tls-registry-3.12.0.jar;C:\Users\toumi\.m2\repository\io\quarkus\quarkus-credentials\3.12.0\quarkus-credentials-3.12.0.jar;C:\Users\toumi\.m2\repository\io\smallrye\common\smallrye-common-vertx-context\2.3.0\smallrye-common-vertx-context-2.3.0.jar;C:\Users\toumi\.m2\repository\io\quarkus\security\quarkus-security\2.1.0\quarkus-security-2.1.0.jar;C:\Users\toumi\.m2\repository\io\smallrye\reactive\smallrye-mutiny-vertx-web\3.12.0\smallrye-mutiny-vertx-web-3.12.0.jar;C:\Users\toumi\.m2\repository\io\smallrye\reactive\smallrye-mutiny-vertx-web-common\3.12.0\smallrye-mutiny-vertx-web-common-3.12.0.jar;C:\Users\toumi\.m2\repository\io\smallrye\reactive\smallrye-mutiny-vertx-auth-common\3.12.0\smallrye-mutiny-vertx-auth-common-3.12.0.jar;C:\Users\toumi\.m2\repository\io\smallrye\reactive\smallrye-mutiny-vertx-bridge-common\3.12.0\smallrye-mutiny-vertx-bridge-common-3.12.0.jar;C:\Users\toumi\.m2\repository\io\smallrye\reactive\smallrye-mutiny-vertx-uri-template\3.12.0\smallrye-mutiny-vertx-uri-template-3.12.0.jar;C:\Users\toumi\.m2\repository\io\vertx\vertx-uri-template\4.5.7\vertx-uri-template-4.5.7.jar;C:\Users\toumi\.m2\repository\io\github\crac\org-crac\0.1.3\org-crac-0.1.3.jar;C:\Users\toumi\.m2\repository\io\quarkus\quarkus-jsonp\3.12.0\quarkus-jsonp-3.12.0.jar;C:\Users\toumi\.m2\repository\org\eclipse\parsson\parsson\1.1.6\parsson-1.1.6.jar;C:\Users\toumi\.m2\repository\io\quarkus\quarkus-virtual-threads\3.12.0\quarkus-virtual-threads-3.12.0.jar;C:\Users\toumi\.m2\repository\io\vertx\vertx-core\4.5.7\vertx-core-4.5.7.jar;C:\Users\toumi\.m2\repository\io\netty\netty-common\4.1.108.Final\netty-common-4.1.108.Final.jar;C:\Users\toumi\.m2\repository\io\netty\netty-buffer\4.1.108.Final\netty-buffer-4.1.108.Final.jar;C:\Users\toumi\.m2\repository\io\netty\netty-transport\4.1.108.Final\netty-transport-4.1.108.Final.jar;C:\Users\toumi\.m2\repository\io\netty\netty-handler\4.1.108.Final\netty-handler-4.1.108.Final.jar;C:\Users\toumi\.m2\repository\io\netty\netty-transport-native-unix-common\4.1.108.Final\netty-transport-native-unix-common-4.1.108.Final.jar;C:\Users\toumi\.m2\repository\io\netty\netty-handler-proxy\4.1.108.Final\netty-handler-proxy-4.1.108.Final.jar;C:\Users\toumi\.m2\repository\io\netty\netty-codec-socks\4.1.108.Final\netty-codec-socks-4.1.108.Final.jar;C:\Users\toumi\.m2\repository\io\netty\netty-codec-http\4.1.108.Final\netty-codec-http-4.1.108.Final.jar;C:\Users\toumi\.m2\repository\io\netty\netty-codec-http2\4.1.108.Final\netty-codec-http2-4.1.108.Final.jar;C:\Users\toumi\.m2\repository\io\netty\netty-resolver\4.1.108.Final\netty-resolver-4.1.108.Final.jar;C:\Users\toumi\.m2\repository\io\netty\netty-resolver-dns\4.1.108.Final\netty-resolver-dns-4.1.108.Final.jar;C:\Users\toumi\.m2\repository\io\netty\netty-codec-dns\4.1.108.Final\netty-codec-dns-4.1.108.Final.jar;C:\Users\toumi\.m2\repository\com\fasterxml\jackson\core\jackson-core\2.17.1\jackson-core-2.17.1.jar;C:\Users\toumi\.m2\repository\io\quarkus\quarkus-jdbc-postgresql\3.12.0\quarkus-jdbc-postgresql-3.12.0.jar;C:\Users\toumi\.m2\repository\org\postgresql\postgresql\42.7.3\postgresql-42.7.3.jar;C:\Users\toumi\.m2\repository\io\quarkus\quarkus-liquibase\3.12.0\quarkus-liquibase-3.12.0.jar;C:\Users\toumi\.m2\repository\org\liquibase\liquibase-core\4.27.0\liquibase-core-4.27.0.jar;C:\Users\toumi\.m2\repository\com\opencsv\opencsv\5.9\opencsv-5.9.jar;C:\Users\toumi\.m2\repository\org\apache\commons\commons-text\1.12.0\commons-text-1.12.0.jar;C:\Users\toumi\.m2\repository\org\apache\commons\commons-collections4\4.4\commons-collections4-4.4.jar;C:\Users\toumi\.m2\repository\org\apache\commons\commons-lang3\3.14.0\commons-lang3-3.14.0.jar;C:\Users\toumi\.m2\repository\org\osgi\osgi.core\6.0.0\osgi.core-6.0.0.jar;C:\Users\toumi\.m2\repository\org\yaml\snakeyaml\2.2\snakeyaml-2.2.jar;C:\Users\toumi\.m2\repository\io\quarkus\quarkus-jaxb\3.12.0\quarkus-jaxb-3.12.0.jar;C:\Users\toumi\.m2\repository\io\quarkus\quarkus-jaxp\3.12.0\quarkus-jaxp-3.12.0.jar;C:\Users\toumi\.m2\repository\io\quarkus\quarkus-agroal\3.12.0\quarkus-agroal-3.12.0.jar;C:\Users\toumi\.m2\repository\io\quarkus\quarkus-datasource\3.12.0\quarkus-datasource-3.12.0.jar;C:\Users\toumi\.m2\repository\io\agroal\agroal-api\2.4\agroal-api-2.4.jar;C:\Users\toumi\.m2\repository\io\agroal\agroal-narayana\2.4\agroal-narayana-2.4.jar;C:\Users\toumi\.m2\repository\org\jboss\jboss-transaction-spi\8.0.0.Final\jboss-transaction-spi-8.0.0.Final.jar;C:\Users\toumi\.m2\repository\io\agroal\agroal-pool\2.4\agroal-pool-2.4.jar;C:\Users\toumi\.m2\repository\io\quarkus\quarkus-datasource-common\3.12.0\quarkus-datasource-common-3.12.0.jar;C:\Users\toumi\.m2\repository\io\quarkus\quarkus-narayana-jta\3.12.0\quarkus-narayana-jta-3.12.0.jar;C:\Users\toumi\.m2\repository\io\quarkus\quarkus-transaction-annotations\3.12.0\quarkus-transaction-annotations-3.12.0.jar;C:\Users\toumi\.m2\repository\io\smallrye\smallrye-context-propagation-jta\2.1.2\smallrye-context-propagation-jta-2.1.2.jar;C:\Users\toumi\.m2\repository\io\smallrye\reactive\smallrye-reactive-converter-api\3.0.1\smallrye-reactive-converter-api-3.0.1.jar;C:\Users\toumi\.m2\repository\io\smallrye\reactive\smallrye-reactive-converter-mutiny\3.0.1\smallrye-reactive-converter-mutiny-3.0.1.jar;C:\Users\toumi\.m2\repository\io\smallrye\reactive\mutiny-zero-flow-adapters\1.1.0\mutiny-zero-flow-adapters-1.1.0.jar;C:\Users\toumi\.m2\repository\org\jboss\narayana\jta\narayana-jta\7.0.1.Final\narayana-jta-7.0.1.Final.jar;C:\Users\toumi\.m2\repository\jakarta\resource\jakarta.resource-api\2.1.0\jakarta.resource-api-2.1.0.jar;C:\Users\toumi\.m2\repository\org\jboss\invocation\jboss-invocation\2.0.0.Final\jboss-invocation-2.0.0.Final.jar;C:\Users\toumi\.m2\repository\org\eclipse\microprofile\reactive-streams-operators\microprofile-reactive-streams-operators-api\3.0\microprofile-reactive-streams-operators-api-3.0.jar;C:\Users\toumi\.m2\repository\org\jboss\narayana\jts\narayana-jts-integration\7.0.1.Final\narayana-jts-integration-7.0.1.Final.jar;C:\Users\toumi\.m2\repository\io\quarkus\quarkus-hibernate-orm-panache\3.12.0\quarkus-hibernate-orm-panache-3.12.0.jar;C:\Users\toumi\.m2\repository\io\quarkus\quarkus-hibernate-orm-panache-common\3.12.0\quarkus-hibernate-orm-panache-common-3.12.0.jar;C:\Users\toumi\.m2\repository\io\quarkus\quarkus-panache-hibernate-common\3.12.0\quarkus-panache-hibernate-common-3.12.0.jar;C:\Users\toumi\.m2\repository\io\quarkus\quarkus-panache-common\3.12.0\quarkus-panache-common-3.12.0.jar;C:\Users\toumi\.m2\repository\io\quarkus\quarkus-hibernate-orm\3.12.0\quarkus-hibernate-orm-3.12.0.jar;C:\Users\toumi\.m2\repository\org\hibernate\orm\hibernate-core\6.5.2.Final\hibernate-core-6.5.2.Final.jar;C:\Users\toumi\.m2\repository\com\fasterxml\classmate\1.7.0\classmate-1.7.0.jar;C:\Users\toumi\.m2\repository\org\antlr\antlr4-runtime\4.13.0\antlr4-runtime-4.13.0.jar;C:\Users\toumi\.m2\repository\net\bytebuddy\byte-buddy\1.14.15\byte-buddy-1.14.15.jar;C:\Users\toumi\.m2\repository\org\hibernate\common\hibernate-commons-annotations\6.0.6.Final\hibernate-commons-annotations-6.0.6.Final.jar;C:\Users\toumi\.m2\repository\org\hibernate\orm\hibernate-graalvm\6.5.2.Final\hibernate-graalvm-6.5.2.Final.jar;C:\Users\toumi\.m2\repository\org\glassfish\jaxb\jaxb-runtime\4.0.5\jaxb-runtime-4.0.5.jar;C:\Users\toumi\.m2\repository\org\glassfish\jaxb\jaxb-core\4.0.5\jaxb-core-4.0.5.jar;C:\Users\toumi\.m2\repository\org\eclipse\angus\angus-activation\2.0.2\angus-activation-2.0.2.jar;C:\Users\toumi\.m2\repository\org\glassfish\jaxb\txw2\4.0.5\txw2-4.0.5.jar;C:\Users\toumi\.m2\repository\com\sun\istack\istack-commons-runtime\4.1.2\istack-commons-runtime-4.1.2.jar;C:\Users\toumi\.m2\repository\jakarta\xml\bind\jakarta.xml.bind-api\4.0.2\jakarta.xml.bind-api-4.0.2.jar;C:\Users\toumi\.m2\repository\jakarta\activation\jakarta.activation-api\2.1.3\jakarta.activation-api-2.1.3.jar;C:\Users\toumi\.m2\repository\jakarta\persistence\jakarta.persistence-api\3.1.0\jakarta.persistence-api-3.1.0.jar;C:\Users\toumi\.m2\repository\jakarta\transaction\jakarta.transaction-api\2.0.1\jakarta.transaction-api-2.0.1.jar;C:\Users\toumi\.m2\repository\org\hibernate\quarkus-local-cache\0.3.0\quarkus-local-cache-0.3.0.jar;C:\Users\toumi\.m2\repository\io\quarkus\quarkus-caffeine\3.12.0\quarkus-caffeine-3.12.0.jar;C:\Users\toumi\.m2\repository\com\github\ben-manes\caffeine\caffeine\3.1.5\caffeine-3.1.5.jar;C:\Users\toumi\.m2\repository\com\google\errorprone\error_prone_annotations\2.28.0\error_prone_annotations-2.28.0.jar;C:\Users\toumi\.m2\repository\io\quarkus\quarkus-smallrye-jwt\3.12.0\quarkus-smallrye-jwt-3.12.0.jar;C:\Users\toumi\.m2\repository\io\smallrye\smallrye-jwt\4.5.2\smallrye-jwt-4.5.2.jar;C:\Users\toumi\.m2\repository\org\eclipse\microprofile\config\microprofile-config-api\3.1\microprofile-config-api-3.1.jar;C:\Users\toumi\.m2\repository\org\eclipse\microprofile\jwt\microprofile-jwt-auth-api\2.1\microprofile-jwt-auth-api-2.1.jar;C:\Users\toumi\.m2\repository\org\bitbucket\b_c\jose4j\0.9.6\jose4j-0.9.6.jar;C:\Users\toumi\.m2\repository\io\smallrye\smallrye-jwt-common\4.5.2\smallrye-jwt-common-4.5.2.jar;C:\Users\toumi\.m2\repository\jakarta\annotation\jakarta.annotation-api\3.0.0\jakarta.annotation-api-3.0.0.jar;C:\Users\toumi\.m2\repository\io\quarkus\quarkus-security\3.12.0\quarkus-security-3.12.0.jar;C:\Users\toumi\.m2\repository\jakarta\interceptor\jakarta.interceptor-api\2.2.0\jakarta.interceptor-api-2.2.0.jar;C:\Users\toumi\.m2\repository\io\quarkus\quarkus-smallrye-jwt-build\3.12.0\quarkus-smallrye-jwt-build-3.12.0.jar;C:\Users\toumi\.m2\repository\io\smallrye\smallrye-jwt-build\4.5.2\smallrye-jwt-build-4.5.2.jar;C:\Users\toumi\.m2\repository\io\quarkus\quarkus-rest-jackson\3.12.0\quarkus-rest-jackson-3.12.0.jar;C:\Users\toumi\.m2\repository\io\quarkus\quarkus-rest-jackson-common\3.12.0\quarkus-rest-jackson-common-3.12.0.jar;C:\Users\toumi\.m2\repository\io\quarkus\resteasy\reactive\resteasy-reactive-jackson\3.12.0\resteasy-reactive-jackson-3.12.0.jar;C:\Users\toumi\.m2\repository\com\fasterxml\jackson\core\jackson-databind\2.17.1\jackson-databind-2.17.1.jar;C:\Users\toumi\.m2\repository\com\fasterxml\jackson\core\jackson-annotations\2.17.1\jackson-annotations-2.17.1.jar;C:\Users\toumi\.m2\repository\io\quarkus\quarkus-jackson\3.12.0\quarkus-jackson-3.12.0.jar;C:\Users\toumi\.m2\repository\com\fasterxml\jackson\datatype\jackson-datatype-jsr310\2.17.1\jackson-datatype-jsr310-2.17.1.jar;C:\Users\toumi\.m2\repository\com\fasterxml\jackson\datatype\jackson-datatype-jdk8\2.17.1\jackson-datatype-jdk8-2.17.1.jar;C:\Users\toumi\.m2\repository\com\fasterxml\jackson\module\jackson-module-parameter-names\2.17.1\jackson-module-parameter-names-2.17.1.jar;C:\Users\toumi\.m2\repository\io\quarkus\quarkus-junit5\3.12.0\quarkus-junit5-3.12.0.jar;C:\Users\toumi\.m2\repository\io\quarkus\quarkus-bootstrap-core\3.12.0\quarkus-bootstrap-core-3.12.0.jar;C:\Users\toumi\.m2\repository\io\quarkus\quarkus-classloader-commons\3.12.0\quarkus-classloader-commons-3.12.0.jar;C:\Users\toumi\.m2\repository\io\quarkus\quarkus-bootstrap-app-model\3.12.0\quarkus-bootstrap-app-model-3.12.0.jar;C:\Users\toumi\.m2\repository\io\smallrye\common\smallrye-common-io\2.3.0\smallrye-common-io-2.3.0.jar;C:\Users\toumi\.m2\repository\org\eclipse\sisu\org.eclipse.sisu.inject\0.9.0.M2\org.eclipse.sisu.inject-0.9.0.M2.jar;C:\Users\toumi\.m2\repository\io\quarkus\quarkus-test-common\3.12.0\quarkus-test-common-3.12.0.jar;C:\Users\toumi\.m2\repository\io\quarkus\quarkus-core-deployment\3.12.0\quarkus-core-deployment-3.12.0.jar;C:\Users\toumi\.m2\repository\org\aesh\readline\2.4\readline-2.4.jar;C:\Users\toumi\.m2\repository\org\fusesource\jansi\jansi\2.4.0\jansi-2.4.0.jar;C:\Users\toumi\.m2\repository\org\aesh\aesh\2.7\aesh-2.7.jar;C:\Users\toumi\.m2\repository\io\quarkus\gizmo\gizmo\1.8.0\gizmo-1.8.0.jar;C:\Users\toumi\.m2\repository\org\ow2\asm\asm-util\9.7\asm-util-9.7.jar;C:\Users\toumi\.m2\repository\org\ow2\asm\asm-analysis\9.7\asm-analysis-9.7.jar;C:\Users\toumi\.m2\repository\org\ow2\asm\asm\9.7\asm-9.7.jar;C:\Users\toumi\.m2\repository\org\ow2\asm\asm-commons\9.7\asm-commons-9.7.jar;C:\Users\toumi\.m2\repository\org\ow2\asm\asm-tree\9.7\asm-tree-9.7.jar;C:\Users\toumi\.m2\repository\io\quarkus\quarkus-hibernate-validator-spi\3.12.0\quarkus-hibernate-validator-spi-3.12.0.jar;C:\Users\toumi\.m2\repository\io\quarkus\quarkus-class-change-agent\3.12.0\quarkus-class-change-agent-3.12.0.jar;C:\Users\toumi\.m2\repository\io\quarkus\quarkus-devtools-utilities\3.12.0\quarkus-devtools-utilities-3.12.0.jar;C:\Users\toumi\.m2\repository\io\quarkus\quarkus-builder\3.12.0\quarkus-builder-3.12.0.jar;C:\Users\toumi\.m2\repository\org\graalvm\sdk\nativeimage\23.1.2\nativeimage-23.1.2.jar;C:\Users\toumi\.m2\repository\org\graalvm\sdk\word\23.1.2\word-23.1.2.jar;C:\Users\toumi\.m2\repository\org\junit\platform\junit-platform-launcher\1.10.2\junit-platform-launcher-1.10.2.jar;C:\Users\toumi\.m2\repository\io\quarkus\quarkus-bootstrap-maven-resolver\3.12.0\quarkus-bootstrap-maven-resolver-3.12.0.jar;C:\Users\toumi\.m2\repository\io\smallrye\beanbag\smallrye-beanbag-maven\1.5.2\smallrye-beanbag-maven-1.5.2.jar;C:\Users\toumi\.m2\repository\io\smallrye\beanbag\smallrye-beanbag-sisu\1.5.2\smallrye-beanbag-sisu-1.5.2.jar;C:\Users\toumi\.m2\repository\io\smallrye\beanbag\smallrye-beanbag\1.5.2\smallrye-beanbag-1.5.2.jar;C:\Users\toumi\.m2\repository\javax\inject\javax.inject\1\javax.inject-1.jar;C:\Users\toumi\.m2\repository\org\apache\maven\maven-artifact\3.9.7\maven-artifact-3.9.7.jar;C:\Users\toumi\.m2\repository\org\apache\maven\maven-builder-support\3.9.7\maven-builder-support-3.9.7.jar;C:\Users\toumi\.m2\repository\org\apache\maven\maven-model\3.9.7\maven-model-3.9.7.jar;C:\Users\toumi\.m2\repository\org\apache\maven\maven-model-builder\3.9.7\maven-model-builder-3.9.7.jar;C:\Users\toumi\.m2\repository\org\apache\maven\maven-repository-metadata\3.9.7\maven-repository-metadata-3.9.7.jar;C:\Users\toumi\.m2\repository\org\apache\maven\maven-settings\3.9.7\maven-settings-3.9.7.jar;C:\Users\toumi\.m2\repository\org\apache\maven\resolver\maven-resolver-api\1.9.20\maven-resolver-api-1.9.20.jar;C:\Users\toumi\.m2\repository\org\apache\maven\resolver\maven-resolver-impl\1.9.20\maven-resolver-impl-1.9.20.jar;C:\Users\toumi\.m2\repository\org\apache\maven\resolver\maven-resolver-named-locks\1.9.20\maven-resolver-named-locks-1.9.20.jar;C:\Users\toumi\.m2\repository\org\apache\maven\resolver\maven-resolver-spi\1.9.20\maven-resolver-spi-1.9.20.jar;C:\Users\toumi\.m2\repository\org\apache\maven\resolver\maven-resolver-util\1.9.20\maven-resolver-util-1.9.20.jar;C:\Users\toumi\.m2\repository\org\apache\maven\resolver\maven-resolver-transport-http\1.9.20\maven-resolver-transport-http-1.9.20.jar;C:\Users\toumi\.m2\repository\org\apache\maven\wagon\wagon-provider-api\3.5.3\wagon-provider-api-3.5.3.jar;C:\Users\toumi\.m2\repository\org\apache\maven\wagon\wagon-http-shared\3.5.3\wagon-http-shared-3.5.3.jar;C:\Users\toumi\.m2\repository\org\codehaus\plexus\plexus-interpolation\1.26\plexus-interpolation-1.26.jar;C:\Users\toumi\.m2\repository\org\codehaus\plexus\plexus-utils\3.5.1\plexus-utils-3.5.1.jar;C:\Users\toumi\.m2\repository\org\codehaus\plexus\plexus-xml\4.0.1\plexus-xml-4.0.1.jar;C:\Users\toumi\.m2\repository\org\apache\maven\maven-xml-impl\4.0.0-alpha-5\maven-xml-impl-4.0.0-alpha-5.jar;C:\Users\toumi\.m2\repository\org\apache\maven\maven-api-xml\4.0.0-alpha-5\maven-api-xml-4.0.0-alpha-5.jar;C:\Users\toumi\.m2\repository\org\apache\maven\maven-api-meta\4.0.0-alpha-5\maven-api-meta-4.0.0-alpha-5.jar;C:\Users\toumi\.m2\repository\org\codehaus\plexus\plexus-cipher\2.0\plexus-cipher-2.0.jar;C:\Users\toumi\.m2\repository\org\codehaus\plexus\plexus-sec-dispatcher\2.0\plexus-sec-dispatcher-2.0.jar;C:\Users\toumi\.m2\repository\org\apache\maven\maven-embedder\3.9.7\maven-embedder-3.9.7.jar;C:\Users\toumi\.m2\repository\org\apache\maven\maven-core\3.9.7\maven-core-3.9.7.jar;C:\Users\toumi\.m2\repository\org\codehaus\plexus\plexus-component-annotations\2.1.0\plexus-component-annotations-2.1.0.jar;C:\Users\toumi\.m2\repository\org\apache\maven\maven-plugin-api\3.9.7\maven-plugin-api-3.9.7.jar;C:\Users\toumi\.m2\repository\org\apache\maven\shared\maven-shared-utils\3.4.2\maven-shared-utils-3.4.2.jar;C:\Users\toumi\.m2\repository\com\google\inject\guice\5.1.0\guice-5.1.0.jar;C:\Users\toumi\.m2\repository\aopalliance\aopalliance\1.0\aopalliance-1.0.jar;C:\Users\toumi\.m2\repository\com\google\guava\guava\33.2.1-jre\guava-33.2.1-jre.jar;C:\Users\toumi\.m2\repository\com\google\guava\failureaccess\1.0.1\failureaccess-1.0.1.jar;C:\Users\toumi\.m2\repository\javax\annotation\javax.annotation-api\1.3.2\javax.annotation-api-1.3.2.jar;C:\Users\toumi\.m2\repository\org\codehaus\plexus\plexus-classworlds\2.6.0\plexus-classworlds-2.6.0.jar;C:\Users\toumi\.m2\repository\commons-cli\commons-cli\1.7.0\commons-cli-1.7.0.jar;C:\Users\toumi\.m2\repository\org\eclipse\sisu\org.eclipse.sisu.plexus\0.9.0.M2\org.eclipse.sisu.plexus-0.9.0.M2.jar;C:\Users\toumi\.m2\repository\org\apache\maven\maven-settings-builder\3.9.7\maven-settings-builder-3.9.7.jar;C:\Users\toumi\.m2\repository\org\apache\maven\maven-resolver-provider\3.9.7\maven-resolver-provider-3.9.7.jar;C:\Users\toumi\.m2\repository\org\apache\maven\resolver\maven-resolver-connector-basic\1.9.20\maven-resolver-connector-basic-1.9.20.jar;C:\Users\toumi\.m2\repository\org\apache\maven\resolver\maven-resolver-transport-wagon\1.9.20\maven-resolver-transport-wagon-1.9.20.jar;C:\Users\toumi\.m2\repository\org\apache\maven\wagon\wagon-http\3.5.3\wagon-http-3.5.3.jar;C:\Users\toumi\.m2\repository\org\apache\maven\wagon\wagon-file\3.5.3\wagon-file-3.5.3.jar;C:\Users\toumi\.m2\repository\io\quarkus\quarkus-bootstrap-gradle-resolver\3.12.0\quarkus-bootstrap-gradle-resolver-3.12.0.jar;C:\Users\toumi\.m2\repository\io\smallrye\jandex\3.2.0\jandex-3.2.0.jar;C:\Users\toumi\.m2\repository\commons-io\commons-io\2.16.1\commons-io-2.16.1.jar;C:\Users\toumi\.m2\repository\io\quarkus\quarkus-junit5-properties\3.12.0\quarkus-junit5-properties-3.12.0.jar;C:\Users\toumi\.m2\repository\org\junit\jupiter\junit-jupiter\5.10.2\junit-jupiter-5.10.2.jar;C:\Users\toumi\.m2\repository\org\junit\jupiter\junit-jupiter-api\5.10.2\junit-jupiter-api-5.10.2.jar;C:\Users\toumi\.m2\repository\org\opentest4j\opentest4j\1.3.0\opentest4j-1.3.0.jar;C:\Users\toumi\.m2\repository\org\junit\platform\junit-platform-commons\1.10.2\junit-platform-commons-1.10.2.jar;C:\Users\toumi\.m2\repository\org\apiguardian\apiguardian-api\1.1.2\apiguardian-api-1.1.2.jar;C:\Users\toumi\.m2\repository\org\junit\jupiter\junit-jupiter-params\5.10.2\junit-jupiter-params-5.10.2.jar;C:\Users\toumi\.m2\repository\org\junit\jupiter\junit-jupiter-engine\5.10.2\junit-jupiter-engine-5.10.2.jar;C:\Users\toumi\.m2\repository\org\junit\platform\junit-platform-engine\1.10.2\junit-platform-engine-1.10.2.jar;C:\Users\toumi\.m2\repository\com\thoughtworks\xstream\xstream\1.4.20\xstream-1.4.20.jar;C:\Users\toumi\.m2\repository\io\github\x-stream\mxparser\1.2.2\mxparser-1.2.2.jar;C:\Users\toumi\.m2\repository\xmlpull\xmlpull\1.1.3.1\xmlpull-1.1.3.1.jar;C:\Users\toumi\.m2\repository\org\projectlombok\lombok\1.18.30\lombok-1.18.30.jar;C:\Users\toumi\.m2\repository\io\rest-assured\rest-assured\5.4.0\rest-assured-5.4.0.jar;C:\Users\toumi\.m2\repository\org\apache\groovy\groovy\4.0.16\groovy-4.0.16.jar;C:\Users\toumi\.m2\repository\org\apache\groovy\groovy-xml\4.0.16\groovy-xml-4.0.16.jar;C:\Users\toumi\.m2\repository\org\apache\httpcomponents\httpclient\4.5.14\httpclient-4.5.14.jar;C:\Users\toumi\.m2\repository\org\apache\httpcomponents\httpcore\4.4.16\httpcore-4.4.16.jar;C:\Users\toumi\.m2\repository\commons-codec\commons-codec\1.17.0\commons-codec-1.17.0.jar;C:\Users\toumi\.m2\repository\org\apache\httpcomponents\httpmime\4.5.14\httpmime-4.5.14.jar;C:\Users\toumi\.m2\repository\org\ccil\cowan\tagsoup\tagsoup\1.2.1\tagsoup-1.2.1.jar;C:\Users\toumi\.m2\repository\io\rest-assured\json-path\5.4.0\json-path-5.4.0.jar;C:\Users\toumi\.m2\repository\org\apache\groovy\groovy-json\4.0.16\groovy-json-4.0.16.jar;C:\Users\toumi\.m2\repository\io\rest-assured\rest-assured-common\5.4.0\rest-assured-common-5.4.0.jar;C:\Users\toumi\.m2\repository\io\rest-assured\xml-path\5.4.0\xml-path-5.4.0.jar;C:\Users\toumi\.m2\repository\org\hamcrest\hamcrest\2.2\hamcrest-2.2.jar;"/>
    <property name="sun.cpu.endian" value="little"/>
    <property name="vertx.disableWebsockets" value="true"/>
    <property name="user.home" value="C:\Users\toumi"/>
    <property name="user.language" value="fr"/>
    <property name="jboss.log-version" value="false"/>
    <property name="java.specification.vendor" value="Oracle Corporation"/>
    <property name="io.netty.allocator.maxOrder" value="3"/>
    <property name="java.version.date" value="2025-07-15"/>
    <property name="java.home" value="C:\Users\toumi\.jdks\ms-21.0.8"/>
    <property name="file.separator" value="\"/>
    <property name="basedir" value="C:\Users\toumi\OneDrive\Bureau\api_users"/>
    <property name="style.color" value="always"/>
    <property name="java.vm.compressedOopsMode" value="32-bit"/>
    <property name="line.separator" value="&#10;"/>
    <property name="java.vm.specification.vendor" value="Oracle Corporation"/>
    <property name="java.specification.name" value="Java Platform API Specification"/>
    <property name="surefire.real.class.path" value="C:\Users\toumi\AppData\Local\Temp\surefire13658828898402618454\surefirebooter-20250901190434243_3.jar"/>
    <property name="user.script" value=""/>
    <property name="sun.management.compiler" value="HotSpot 64-Bit Tiered Compilers"/>
    <property name="java.runtime.version" value="21.0.8+9-LTS"/>
    <property name="user.name" value="toumi"/>
    <property name="stdout.encoding" value="Cp1252"/>
    <property name="path.separator" value=";"/>
    <property name="os.version" value="10.0"/>
    <property name="java.runtime.name" value="OpenJDK Runtime Environment"/>
    <property name="file.encoding" value="UTF-8"/>
    <property name="java.vm.name" value="OpenJDK 64-Bit Server VM"/>
    <property name="java.vendor.version" value="Microsoft-11933218"/>
    <property name="maven.ext.class.path" value="C:\Program Files\JetBrains\IntelliJ IDEA 2025.2\plugins\maven\lib\maven-event-listener.jar"/>
    <property name="localRepository" value="C:\Users\toumi\.m2\repository"/>
    <property name="java.vendor.url.bug" value="https://github.com/microsoft/openjdk/issues"/>
    <property name="java.io.tmpdir" value="C:\Users\toumi\AppData\Local\Temp\"/>
    <property name="quarkus.log.file.path" value="target\quarkus.log"/>
    <property name="idea.version" value="2025.2"/>
    <property name="java.version" value="21.0.8"/>
    <property name="java.util.concurrent.ForkJoinPool.common.threadFactory" value="io.quarkus.bootstrap.forkjoin.QuarkusForkJoinWorkerThreadFactory"/>
    <property name="user.dir" value="C:\Users\toumi\OneDrive\Bureau\api_users"/>
    <property name="os.arch" value="amd64"/>
    <property name="jansi.passthrough" value="true"/>
    <property name="java.vm.specification.name" value="Java Virtual Machine Specification"/>
    <property name="vertx.disableDnsResolver" value="true"/>
    <property name="sun.os.patch.level" value=""/>
    <property name="native.encoding" value="Cp1252"/>
    <property name="java.util.logging.manager" value="org.jboss.logmanager.LogManager"/>
    <property name="java.library.path" value="C:\Users\toumi\.jdks\ms-21.0.8\bin;C:\Windows\Sun\Java\bin;C:\Windows\system32;C:\Windows;C:\Windows\system32;C:\Windows;C:\Windows\System32\Wbem;C:\Windows\System32\WindowsPowerShell\v1.0\;C:\Windows\System32\OpenSSH\;C:\Program Files\Git\cmd;C:\Users\toumi\AppData\Local\Microsoft\WindowsApps;;."/>
    <property name="java.vm.info" value="mixed mode, sharing"/>
    <property name="stderr.encoding" value="Cp1252"/>
    <property name="java.vendor" value="Microsoft"/>
    <property name="vertx.disableTCCL" value="true"/>
    <property name="java.vm.version" value="21.0.8+9-LTS"/>
    <property name="sun.io.unicode.encoding" value="UnicodeLittle"/>
    <property name="io.netty.machineId" value="18:d7:d3:ae:ff:8d:bd:90"/>
    <property name="java.class.version" value="65.0"/>
  </properties>
  <testcase name="testHelloEndpoint" classname="com.example.ExampleResourceTest" time="8.157">
    <failure message="1 expectation failed.&#10;Expected status code &lt;200&gt; but was &lt;500&gt;.&#10;" type="java.lang.AssertionError"><![CDATA[java.lang.AssertionError: 
1 expectation failed.
Expected status code <200> but was <500>.

	at java.base/jdk.internal.reflect.DirectConstructorHandleAccessor.newInstance(DirectConstructorHandleAccessor.java:62)
	at java.base/java.lang.reflect.Constructor.newInstanceWithCaller(Constructor.java:502)
	at java.base/java.lang.reflect.Constructor.newInstance(Constructor.java:486)
	at org.codehaus.groovy.reflection.CachedConstructor.invoke(CachedConstructor.java:73)
	at org.codehaus.groovy.runtime.callsite.ConstructorSite$ConstructorSiteNoUnwrapNoCoerce.callConstructor(ConstructorSite.java:108)
	at org.codehaus.groovy.runtime.callsite.CallSiteArray.defaultCallConstructor(CallSiteArray.java:57)
	at org.codehaus.groovy.runtime.callsite.AbstractCallSite.callConstructor(AbstractCallSite.java:263)
	at org.codehaus.groovy.runtime.callsite.AbstractCallSite.callConstructor(AbstractCallSite.java:277)
	at io.restassured.internal.ResponseSpecificationImpl$HamcrestAssertionClosure.validate(ResponseSpecificationImpl.groovy:512)
	at io.restassured.internal.ResponseSpecificationImpl$HamcrestAssertionClosure$validate$1.call(Unknown Source)
	at org.codehaus.groovy.runtime.callsite.CallSiteArray.defaultCall(CallSiteArray.java:45)
	at org.codehaus.groovy.runtime.callsite.AbstractCallSite.call(AbstractCallSite.java:125)
	at org.codehaus.groovy.runtime.callsite.AbstractCallSite.call(AbstractCallSite.java:139)
	at io.restassured.internal.ResponseSpecificationImpl.validateResponseIfRequired(ResponseSpecificationImpl.groovy:696)
	at io.restassured.internal.ResponseSpecificationImpl.this$2$validateResponseIfRequired(ResponseSpecificationImpl.groovy)
	at java.base/jdk.internal.reflect.DirectMethodHandleAccessor.invoke(DirectMethodHandleAccessor.java:103)
	at java.base/java.lang.reflect.Method.invoke(Method.java:580)
	at org.codehaus.groovy.runtime.callsite.PlainObjectMetaMethodSite.doInvoke(PlainObjectMetaMethodSite.java:43)
	at org.codehaus.groovy.runtime.callsite.PogoMetaMethodSite$PogoCachedMethodSiteNoUnwrapNoCoerce.invoke(PogoMetaMethodSite.java:198)
	at org.codehaus.groovy.runtime.callsite.PogoMetaMethodSite.callCurrent(PogoMetaMethodSite.java:62)
	at org.codehaus.groovy.runtime.callsite.CallSiteArray.defaultCallCurrent(CallSiteArray.java:49)
	at org.codehaus.groovy.runtime.callsite.AbstractCallSite.callCurrent(AbstractCallSite.java:171)
	at org.codehaus.groovy.runtime.callsite.AbstractCallSite.callCurrent(AbstractCallSite.java:185)
	at io.restassured.internal.ResponseSpecificationImpl.statusCode(ResponseSpecificationImpl.groovy:135)
	at io.restassured.specification.ResponseSpecification$statusCode$0.callCurrent(Unknown Source)
	at org.codehaus.groovy.runtime.callsite.CallSiteArray.defaultCallCurrent(CallSiteArray.java:49)
	at org.codehaus.groovy.runtime.callsite.AbstractCallSite.callCurrent(AbstractCallSite.java:171)
	at org.codehaus.groovy.runtime.callsite.AbstractCallSite.callCurrent(AbstractCallSite.java:185)
	at io.restassured.internal.ResponseSpecificationImpl.statusCode(ResponseSpecificationImpl.groovy:143)
	at io.restassured.internal.ValidatableResponseOptionsImpl.statusCode(ValidatableResponseOptionsImpl.java:89)
	at com.example.ExampleResourceTest.testHelloEndpoint(ExampleResourceTest.java:16)
	at java.base/java.lang.reflect.Method.invoke(Method.java:580)
	at io.quarkus.test.junit.QuarkusTestExtension.runExtensionMethod(QuarkusTestExtension.java:1017)
	at io.quarkus.test.junit.QuarkusTestExtension.interceptTestMethod(QuarkusTestExtension.java:831)
	at java.base/java.util.ArrayList.forEach(ArrayList.java:1596)
	at java.base/java.util.ArrayList.forEach(ArrayList.java:1596)
	Suppressed: jakarta.enterprise.inject.spi.DeploymentException: SRJWT02002: Failed to read the public key content from 'mp.jwt.verify.publickey.location'
		at io.smallrye.jwt.config.JWTAuthContextInfoProvider.getOptionalContextInfo(JWTAuthContextInfoProvider.java:708)
		at io.smallrye.jwt.config.JWTAuthContextInfoProvider.getContextInfo(JWTAuthContextInfoProvider.java:893)
		at io.smallrye.jwt.config.JWTAuthContextInfoProvider_ProducerMethod_getContextInfo_IdERZ3rgTvGnz5ERAK80guTDswo_Bean.doCreate(Unknown Source)
		at io.smallrye.jwt.config.JWTAuthContextInfoProvider_ProducerMethod_getContextInfo_IdERZ3rgTvGnz5ERAK80guTDswo_Bean.create(Unknown Source)
		at io.smallrye.jwt.config.JWTAuthContextInfoProvider_ProducerMethod_getContextInfo_IdERZ3rgTvGnz5ERAK80guTDswo_Bean.create(Unknown Source)
		at io.quarkus.arc.impl.AbstractSharedContext.createInstanceHandle(AbstractSharedContext.java:119)
		at io.quarkus.arc.impl.AbstractSharedContext$1.get(AbstractSharedContext.java:38)
		at io.quarkus.arc.impl.AbstractSharedContext$1.get(AbstractSharedContext.java:35)
		at io.quarkus.arc.generator.Default_jakarta_enterprise_context_ApplicationScoped_ContextInstances.c25(Unknown Source)
		at io.quarkus.arc.generator.Default_jakarta_enterprise_context_ApplicationScoped_ContextInstances.computeIfAbsent(Unknown Source)
		at io.quarkus.arc.impl.AbstractSharedContext.get(AbstractSharedContext.java:35)
		at io.quarkus.arc.impl.ClientProxies.getApplicationScopedDelegate(ClientProxies.java:21)
		at io.smallrye.jwt.auth.principal.JWTAuthContextInfoProvider_ProducerMethod_getContextInfo_IdERZ3rgTvGnz5ERAK80guTDswo_ClientProxy.arc$delegate(Unknown Source)
		at io.smallrye.jwt.auth.principal.JWTAuthContextInfoProvider_ProducerMethod_getContextInfo_IdERZ3rgTvGnz5ERAK80guTDswo_ClientProxy.getTokenHeader(Unknown Source)
		at io.smallrye.jwt.auth.AbstractBearerTokenExtractor.getBearerToken(AbstractBearerTokenExtractor.java:52)
		at io.quarkus.smallrye.jwt.runtime.auth.JWTAuthMechanism.authenticate(JWTAuthMechanism.java:63)
		at io.quarkus.smallrye.jwt.runtime.auth.JWTAuthMechanism_ClientProxy.authenticate(Unknown Source)
		at io.quarkus.vertx.http.runtime.security.HttpAuthenticator.createSecurityIdentity(HttpAuthenticator.java:223)
		at io.quarkus.vertx.http.runtime.security.HttpAuthenticator.attemptAuthentication(HttpAuthenticator.java:181)
		at io.quarkus.vertx.http.runtime.security.HttpSecurityRecorder$AuthenticationHandler.handle(HttpSecurityRecorder.java:284)
		at io.quarkus.vertx.http.runtime.security.HttpSecurityRecorder$AuthenticationHandler.handle(HttpSecurityRecorder.java:233)
		at io.vertx.ext.web.impl.RouteState.handleContext(RouteState.java:1285)
		at io.vertx.ext.web.impl.RoutingContextImplBase.iterateNext(RoutingContextImplBase.java:177)
		at io.vertx.ext.web.impl.RoutingContextImpl.next(RoutingContextImpl.java:137)
		at io.vertx.ext.web.impl.RouterImpl.handle(RouterImpl.java:68)
		at io.vertx.ext.web.impl.RouterImpl.handle(RouterImpl.java:37)
		at io.quarkus.vertx.http.runtime.options.HttpServerCommonHandlers$2.handle(HttpServerCommonHandlers.java:86)
		at io.quarkus.vertx.http.runtime.options.HttpServerCommonHandlers$2.handle(HttpServerCommonHandlers.java:69)
		at io.quarkus.vertx.http.runtime.VertxHttpRecorder$1.handle(VertxHttpRecorder.java:173)
		at io.quarkus.vertx.http.runtime.VertxHttpRecorder$1.handle(VertxHttpRecorder.java:149)
		at io.vertx.core.impl.ContextImpl.emit(ContextImpl.java:328)
		at io.vertx.core.impl.DuplicatedContext.emit(DuplicatedContext.java:166)
		at io.vertx.core.http.impl.Http1xServerConnection.handleMessage(Http1xServerConnection.java:174)
		at io.vertx.core.net.impl.ConnectionBase.read(ConnectionBase.java:159)
		at io.vertx.core.net.impl.VertxHandler.channelRead(VertxHandler.java:153)
		at io.netty.channel.AbstractChannelHandlerContext.invokeChannelRead(AbstractChannelHandlerContext.java:442)
		at io.netty.channel.AbstractChannelHandlerContext.invokeChannelRead(AbstractChannelHandlerContext.java:420)
		at io.netty.channel.AbstractChannelHandlerContext.fireChannelRead(AbstractChannelHandlerContext.java:412)
		at io.vertx.core.http.impl.Http1xUpgradeToH2CHandler.channelRead(Http1xUpgradeToH2CHandler.java:124)
		at io.netty.channel.AbstractChannelHandlerContext.invokeChannelRead(AbstractChannelHandlerContext.java:444)
		at io.netty.channel.AbstractChannelHandlerContext.invokeChannelRead(AbstractChannelHandlerContext.java:420)
		at io.netty.channel.AbstractChannelHandlerContext.fireChannelRead(AbstractChannelHandlerContext.java:412)
		at io.netty.handler.timeout.IdleStateHandler.channelRead(IdleStateHandler.java:289)
		at io.netty.channel.AbstractChannelHandlerContext.invokeChannelRead(AbstractChannelHandlerContext.java:442)
		at io.netty.channel.AbstractChannelHandlerContext.invokeChannelRead(AbstractChannelHandlerContext.java:420)
		at io.netty.channel.AbstractChannelHandlerContext.fireChannelRead(AbstractChannelHandlerContext.java:412)
		at io.netty.handler.codec.ByteToMessageDecoder.fireChannelRead(ByteToMessageDecoder.java:346)
		at io.netty.handler.codec.ByteToMessageDecoder.channelRead(ByteToMessageDecoder.java:318)
		at io.netty.channel.AbstractChannelHandlerContext.invokeChannelRead(AbstractChannelHandlerContext.java:444)
		at io.netty.channel.AbstractChannelHandlerContext.invokeChannelRead(AbstractChannelHandlerContext.java:420)
		at io.netty.channel.AbstractChannelHandlerContext.fireChannelRead(AbstractChannelHandlerContext.java:412)
		at io.vertx.core.http.impl.Http1xOrH2CHandler.end(Http1xOrH2CHandler.java:61)
		at io.vertx.core.http.impl.Http1xOrH2CHandler.channelRead(Http1xOrH2CHandler.java:38)
		at io.netty.channel.AbstractChannelHandlerContext.invokeChannelRead(AbstractChannelHandlerContext.java:444)
		at io.netty.channel.AbstractChannelHandlerContext.invokeChannelRead(AbstractChannelHandlerContext.java:420)
		at io.netty.channel.AbstractChannelHandlerContext.fireChannelRead(AbstractChannelHandlerContext.java:412)
		at io.netty.handler.timeout.IdleStateHandler.channelRead(IdleStateHandler.java:289)
		at io.netty.channel.AbstractChannelHandlerContext.invokeChannelRead(AbstractChannelHandlerContext.java:442)
		at io.netty.channel.AbstractChannelHandlerContext.invokeChannelRead(AbstractChannelHandlerContext.java:420)
		at io.netty.channel.AbstractChannelHandlerContext.fireChannelRead(AbstractChannelHandlerContext.java:412)
		at io.netty.channel.DefaultChannelPipeline$HeadContext.channelRead(DefaultChannelPipeline.java:1410)
		at io.netty.channel.AbstractChannelHandlerContext.invokeChannelRead(AbstractChannelHandlerContext.java:440)
		at io.netty.channel.AbstractChannelHandlerContext.invokeChannelRead(AbstractChannelHandlerContext.java:420)
		at io.netty.channel.DefaultChannelPipeline.fireChannelRead(DefaultChannelPipeline.java:919)
		at io.netty.channel.nio.AbstractNioByteChannel$NioByteUnsafe.read(AbstractNioByteChannel.java:166)
		at io.netty.channel.nio.NioEventLoop.processSelectedKey(NioEventLoop.java:788)
		at io.netty.channel.nio.NioEventLoop.processSelectedKeysOptimized(NioEventLoop.java:724)
		at io.netty.channel.nio.NioEventLoop.processSelectedKeys(NioEventLoop.java:650)
		at io.netty.channel.nio.NioEventLoop.run(NioEventLoop.java:562)
		at io.netty.util.concurrent.SingleThreadEventExecutor$4.run(SingleThreadEventExecutor.java:997)
		at io.netty.util.internal.ThreadExecutorMap$2.run(ThreadExecutorMap.java:74)
		at io.netty.util.concurrent.FastThreadLocalRunnable.run(FastThreadLocalRunnable.java:30)
		at java.base/java.lang.Thread.run(Thread.java:1583)
	Caused by: java.net.MalformedURLException: no protocol: publicKey.pem
		at java.base/java.net.URL.<init>(URL.java:772)
		at java.base/java.net.URL.<init>(URL.java:654)
		at java.base/java.net.URL.<init>(URL.java:590)
		at io.smallrye.jwt.util.ResourceUtils$UrlStreamResolver.resolve(ResourceUtils.java:122)
		at io.smallrye.jwt.util.ResourceUtils.getResourceStream(ResourceUtils.java:82)
		at io.smallrye.jwt.util.ResourceUtils.readResource(ResourceUtils.java:45)
		at io.smallrye.jwt.util.ResourceUtils.readResource(ResourceUtils.java:40)
		at io.smallrye.jwt.config.JWTAuthContextInfoProvider.getOptionalContextInfo(JWTAuthContextInfoProvider.java:703)
		... 72 more
]]></failure>
    <system-out><![CDATA[2025-09-01 19:05:52,576 INFO  [liq.database] (main) Set default schema name to microservice
2025-09-01 19:05:53,239 INFO  [liq.lockservice] (main) Successfully acquired change log lock
2025-09-01 19:05:56,291 INFO  [liq.changelog] (main) Reading from microservice.databasechangelog
No validation errors found.
2025-09-01 19:05:56,529 INFO  [liq.command] (main) Command execution complete
2025-09-01 19:05:56,751 INFO  [liq.changelog] (main) Reading from microservice.databasechangelog
Database is up to date, no changesets to execute
2025-09-01 19:05:56,864 INFO  [liq.changelog] (main) Reading from microservice.databasechangelog

UPDATE SUMMARY
Run:                          0
Previously run:              11
Filtered out:                 0
-------------------------------
Total change sets:           11

2025-09-01 19:05:56,960 INFO  [liq.util] (main) UPDATE SUMMARY
2025-09-01 19:05:56,961 INFO  [liq.util] (main) Run:                          0
2025-09-01 19:05:56,961 INFO  [liq.util] (main) Previously run:              11
2025-09-01 19:05:56,962 INFO  [liq.util] (main) Filtered out:                 0
2025-09-01 19:05:56,962 INFO  [liq.util] (main) -------------------------------
2025-09-01 19:05:56,963 INFO  [liq.util] (main) Total change sets:           11
2025-09-01 19:05:56,968 INFO  [liq.util] (main) Update summary generated
2025-09-01 19:05:56,981 INFO  [liq.lockservice] (main) Successfully released change log lock
2025-09-01 19:05:56,984 INFO  [liq.command] (main) Command execution complete
2025-09-01 19:05:56,998 INFO  [liq.lockservice] (main) Successfully released change log lock
2025-09-01 19:06:03,080 INFO  [io.quarkus] (main) demo 1.0-SNAPSHOT on JVM (powered by Quarkus 3.12.0) started in 43.993s. Listening on: http://localhost:8081
2025-09-01 19:06:03,093 INFO  [io.quarkus] (main) Profile test activated. 
2025-09-01 19:06:03,094 INFO  [io.quarkus] (main) Installed features: [agroal, cdi, hibernate-orm, hibernate-orm-panache, jdbc-postgresql, liquibase, narayana-jta, rest, rest-jackson, security, smallrye-context-propagation, smallrye-jwt, vertx]
2025-09-01 19:06:10,614 ERROR [io.qua.ver.htt.run.QuarkusErrorHandler] (vert.x-eventloop-thread-0) HTTP Request to /hello failed, error id: 9c6abce5-d249-4015-bf35-658a833fdade-1: jakarta.enterprise.inject.spi.DeploymentException: SRJWT02002: Failed to read the public key content from 'mp.jwt.verify.publickey.location'
	at io.smallrye.jwt.config.JWTAuthContextInfoProvider.getOptionalContextInfo(JWTAuthContextInfoProvider.java:708)
	at io.smallrye.jwt.config.JWTAuthContextInfoProvider.getContextInfo(JWTAuthContextInfoProvider.java:893)
	at io.smallrye.jwt.config.JWTAuthContextInfoProvider_ProducerMethod_getContextInfo_IdERZ3rgTvGnz5ERAK80guTDswo_Bean.doCreate(Unknown Source)
	at io.smallrye.jwt.config.JWTAuthContextInfoProvider_ProducerMethod_getContextInfo_IdERZ3rgTvGnz5ERAK80guTDswo_Bean.create(Unknown Source)
	at io.smallrye.jwt.config.JWTAuthContextInfoProvider_ProducerMethod_getContextInfo_IdERZ3rgTvGnz5ERAK80guTDswo_Bean.create(Unknown Source)
	at io.quarkus.arc.impl.AbstractSharedContext.createInstanceHandle(AbstractSharedContext.java:119)
	at io.quarkus.arc.impl.AbstractSharedContext$1.get(AbstractSharedContext.java:38)
	at io.quarkus.arc.impl.AbstractSharedContext$1.get(AbstractSharedContext.java:35)
	at io.quarkus.arc.generator.Default_jakarta_enterprise_context_ApplicationScoped_ContextInstances.c25(Unknown Source)
	at io.quarkus.arc.generator.Default_jakarta_enterprise_context_ApplicationScoped_ContextInstances.computeIfAbsent(Unknown Source)
	at io.quarkus.arc.impl.AbstractSharedContext.get(AbstractSharedContext.java:35)
	at io.quarkus.arc.impl.ClientProxies.getApplicationScopedDelegate(ClientProxies.java:21)
	at io.smallrye.jwt.auth.principal.JWTAuthContextInfoProvider_ProducerMethod_getContextInfo_IdERZ3rgTvGnz5ERAK80guTDswo_ClientProxy.arc$delegate(Unknown Source)
	at io.smallrye.jwt.auth.principal.JWTAuthContextInfoProvider_ProducerMethod_getContextInfo_IdERZ3rgTvGnz5ERAK80guTDswo_ClientProxy.getTokenHeader(Unknown Source)
	at io.smallrye.jwt.auth.AbstractBearerTokenExtractor.getBearerToken(AbstractBearerTokenExtractor.java:52)
	at io.quarkus.smallrye.jwt.runtime.auth.JWTAuthMechanism.authenticate(JWTAuthMechanism.java:63)
	at io.quarkus.smallrye.jwt.runtime.auth.JWTAuthMechanism_ClientProxy.authenticate(Unknown Source)
	at io.quarkus.vertx.http.runtime.security.HttpAuthenticator.createSecurityIdentity(HttpAuthenticator.java:223)
	at io.quarkus.vertx.http.runtime.security.HttpAuthenticator.attemptAuthentication(HttpAuthenticator.java:181)
	at io.quarkus.vertx.http.runtime.security.HttpSecurityRecorder$AuthenticationHandler.handle(HttpSecurityRecorder.java:284)
	at io.quarkus.vertx.http.runtime.security.HttpSecurityRecorder$AuthenticationHandler.handle(HttpSecurityRecorder.java:233)
	at io.vertx.ext.web.impl.RouteState.handleContext(RouteState.java:1285)
	at io.vertx.ext.web.impl.RoutingContextImplBase.iterateNext(RoutingContextImplBase.java:177)
	at io.vertx.ext.web.impl.RoutingContextImpl.next(RoutingContextImpl.java:137)
	at io.vertx.ext.web.impl.RouterImpl.handle(RouterImpl.java:68)
	at io.vertx.ext.web.impl.RouterImpl.handle(RouterImpl.java:37)
	at io.quarkus.vertx.http.runtime.options.HttpServerCommonHandlers$2.handle(HttpServerCommonHandlers.java:86)
	at io.quarkus.vertx.http.runtime.options.HttpServerCommonHandlers$2.handle(HttpServerCommonHandlers.java:69)
	at io.quarkus.vertx.http.runtime.VertxHttpRecorder$1.handle(VertxHttpRecorder.java:173)
	at io.quarkus.vertx.http.runtime.VertxHttpRecorder$1.handle(VertxHttpRecorder.java:149)
	at io.vertx.core.impl.ContextImpl.emit(ContextImpl.java:328)
	at io.vertx.core.impl.DuplicatedContext.emit(DuplicatedContext.java:166)
	at io.vertx.core.http.impl.Http1xServerConnection.handleMessage(Http1xServerConnection.java:174)
	at io.vertx.core.net.impl.ConnectionBase.read(ConnectionBase.java:159)
	at io.vertx.core.net.impl.VertxHandler.channelRead(VertxHandler.java:153)
	at io.netty.channel.AbstractChannelHandlerContext.invokeChannelRead(AbstractChannelHandlerContext.java:442)
	at io.netty.channel.AbstractChannelHandlerContext.invokeChannelRead(AbstractChannelHandlerContext.java:420)
	at io.netty.channel.AbstractChannelHandlerContext.fireChannelRead(AbstractChannelHandlerContext.java:412)
	at io.vertx.core.http.impl.Http1xUpgradeToH2CHandler.channelRead(Http1xUpgradeToH2CHandler.java:124)
	at io.netty.channel.AbstractChannelHandlerContext.invokeChannelRead(AbstractChannelHandlerContext.java:444)
	at io.netty.channel.AbstractChannelHandlerContext.invokeChannelRead(AbstractChannelHandlerContext.java:420)
	at io.netty.channel.AbstractChannelHandlerContext.fireChannelRead(AbstractChannelHandlerContext.java:412)
	at io.netty.handler.timeout.IdleStateHandler.channelRead(IdleStateHandler.java:289)
	at io.netty.channel.AbstractChannelHandlerContext.invokeChannelRead(AbstractChannelHandlerContext.java:442)
	at io.netty.channel.AbstractChannelHandlerContext.invokeChannelRead(AbstractChannelHandlerContext.java:420)
	at io.netty.channel.AbstractChannelHandlerContext.fireChannelRead(AbstractChannelHandlerContext.java:412)
	at io.netty.handler.codec.ByteToMessageDecoder.fireChannelRead(ByteToMessageDecoder.java:346)
	at io.netty.handler.codec.ByteToMessageDecoder.channelRead(ByteToMessageDecoder.java:318)
	at io.netty.channel.AbstractChannelHandlerContext.invokeChannelRead(AbstractChannelHandlerContext.java:444)
	at io.netty.channel.AbstractChannelHandlerContext.invokeChannelRead(AbstractChannelHandlerContext.java:420)
	at io.netty.channel.AbstractChannelHandlerContext.fireChannelRead(AbstractChannelHandlerContext.java:412)
	at io.vertx.core.http.impl.Http1xOrH2CHandler.end(Http1xOrH2CHandler.java:61)
	at io.vertx.core.http.impl.Http1xOrH2CHandler.channelRead(Http1xOrH2CHandler.java:38)
	at io.netty.channel.AbstractChannelHandlerContext.invokeChannelRead(AbstractChannelHandlerContext.java:444)
	at io.netty.channel.AbstractChannelHandlerContext.invokeChannelRead(AbstractChannelHandlerContext.java:420)
	at io.netty.channel.AbstractChannelHandlerContext.fireChannelRead(AbstractChannelHandlerContext.java:412)
	at io.netty.handler.timeout.IdleStateHandler.channelRead(IdleStateHandler.java:289)
	at io.netty.channel.AbstractChannelHandlerContext.invokeChannelRead(AbstractChannelHandlerContext.java:442)
	at io.netty.channel.AbstractChannelHandlerContext.invokeChannelRead(AbstractChannelHandlerContext.java:420)
	at io.netty.channel.AbstractChannelHandlerContext.fireChannelRead(AbstractChannelHandlerContext.java:412)
	at io.netty.channel.DefaultChannelPipeline$HeadContext.channelRead(DefaultChannelPipeline.java:1410)
	at io.netty.channel.AbstractChannelHandlerContext.invokeChannelRead(AbstractChannelHandlerContext.java:440)
	at io.netty.channel.AbstractChannelHandlerContext.invokeChannelRead(AbstractChannelHandlerContext.java:420)
	at io.netty.channel.DefaultChannelPipeline.fireChannelRead(DefaultChannelPipeline.java:919)
	at io.netty.channel.nio.AbstractNioByteChannel$NioByteUnsafe.read(AbstractNioByteChannel.java:166)
	at io.netty.channel.nio.NioEventLoop.processSelectedKey(NioEventLoop.java:788)
	at io.netty.channel.nio.NioEventLoop.processSelectedKeysOptimized(NioEventLoop.java:724)
	at io.netty.channel.nio.NioEventLoop.processSelectedKeys(NioEventLoop.java:650)
	at io.netty.channel.nio.NioEventLoop.run(NioEventLoop.java:562)
	at io.netty.util.concurrent.SingleThreadEventExecutor$4.run(SingleThreadEventExecutor.java:997)
	at io.netty.util.internal.ThreadExecutorMap$2.run(ThreadExecutorMap.java:74)
	at io.netty.util.concurrent.FastThreadLocalRunnable.run(FastThreadLocalRunnable.java:30)
	at java.base/java.lang.Thread.run(Thread.java:1583)
Caused by: java.net.MalformedURLException: no protocol: publicKey.pem
	at java.base/java.net.URL.<init>(URL.java:772)
	at java.base/java.net.URL.<init>(URL.java:654)
	at java.base/java.net.URL.<init>(URL.java:590)
	at io.smallrye.jwt.util.ResourceUtils$UrlStreamResolver.resolve(ResourceUtils.java:122)
	at io.smallrye.jwt.util.ResourceUtils.getResourceStream(ResourceUtils.java:82)
	at io.smallrye.jwt.util.ResourceUtils.readResource(ResourceUtils.java:45)
	at io.smallrye.jwt.util.ResourceUtils.readResource(ResourceUtils.java:40)
	at io.smallrye.jwt.config.JWTAuthContextInfoProvider.getOptionalContextInfo(JWTAuthContextInfoProvider.java:703)
	... 72 more

]]></system-out>
  </testcase>
</testsuite>